{"D:\\Portables\\NodeJs\\crontalk\\dist\\crontalk.js":{"path":"D:\\Portables\\NodeJs\\crontalk\\dist\\crontalk.js","s":{"1":1,"2":1,"3":1,"4":1,"5":1,"6":1,"7":0,"8":0,"9":0,"10":0,"11":0,"12":0,"13":0,"14":1,"15":1,"16":0,"17":0,"18":0,"19":0,"20":0,"21":0,"22":0,"23":0,"24":0,"25":1,"26":0,"27":1,"28":0,"29":0,"30":0,"31":1,"32":0,"33":0,"34":0,"35":1,"36":0,"37":1,"38":0,"39":0,"40":0,"41":0,"42":0,"43":0,"44":0,"45":0,"46":0,"47":0,"48":0,"49":0,"50":0,"51":0,"52":1,"53":0,"54":0,"55":1,"56":30,"57":30,"58":26,"59":30,"60":30,"61":26,"62":26,"63":30,"64":19,"65":8,"66":8,"67":8,"68":3,"69":22,"70":22,"71":22,"72":3,"73":4,"74":22,"75":3,"76":3,"77":3,"78":2,"79":1,"80":1,"81":1,"82":2,"83":1,"84":1,"85":1,"86":1,"87":0,"88":0,"89":0,"90":1,"91":1,"92":1,"93":1,"94":3,"95":0,"96":5,"97":24,"98":2,"99":24,"100":7,"101":7,"102":21,"103":0,"104":3,"105":2,"106":1,"107":1,"108":3,"109":3,"110":3,"111":3,"112":3,"113":0,"114":3,"115":2,"116":8,"117":8,"118":3,"119":3,"120":3,"121":1,"122":8,"123":2,"124":1,"125":1,"126":1,"127":1,"128":9,"129":39,"130":6,"131":29,"132":4,"133":5,"134":1,"135":0,"136":0,"137":0,"138":0,"139":2,"140":2,"141":0,"142":0,"143":0,"144":0,"145":0,"146":0,"147":1,"148":0,"149":0,"150":0,"151":1,"152":0,"153":0,"154":0,"155":0,"156":0,"157":0,"158":60,"159":425,"160":30,"161":0,"162":0,"163":0,"164":1,"165":60,"166":1,"167":0,"168":1,"169":0,"170":0,"171":1,"172":0,"173":0,"174":1,"175":2190,"176":1,"177":60,"178":1,"179":0,"180":1,"181":0,"182":1,"183":60,"184":1,"185":0,"186":0,"187":0,"188":0,"189":0,"190":0,"191":0,"192":0,"193":0,"194":0,"195":0,"196":0,"197":0,"198":0,"199":0,"200":0,"201":1,"202":0,"203":0,"204":1,"205":1907,"206":897,"207":1010,"208":183,"209":183,"210":1010,"211":1,"212":0,"213":1,"214":0,"215":1,"216":30,"217":30,"218":30,"219":30,"220":0,"221":30,"222":30,"223":30,"224":3,"225":30,"226":30,"227":30,"228":30,"229":30,"230":30,"231":26,"232":26,"233":26,"234":4,"235":4,"236":0,"237":0,"238":30,"239":4,"240":30,"241":30,"242":30,"243":0,"244":30,"245":30,"246":30,"247":30,"248":0,"249":0,"250":0,"251":0,"252":0,"253":0,"254":0,"255":0,"256":30,"257":1,"258":30,"259":30,"260":30,"261":22,"262":22,"263":22,"264":22,"265":0,"266":0,"267":0,"268":22,"269":22,"270":22,"271":22,"272":22,"273":19,"274":19,"275":19,"276":3,"277":3,"278":0,"279":0,"280":0,"281":0,"282":30,"283":1,"284":30,"285":30,"286":30,"287":30,"288":30,"289":0,"290":0,"291":0,"292":30,"293":30,"294":30,"295":30,"296":30,"297":8,"298":8,"299":8,"300":22,"301":22,"302":0,"303":0,"304":0,"305":0,"306":30,"307":1,"308":25,"309":25,"310":25,"311":25,"312":22,"313":22,"314":22,"315":22,"316":22,"317":22,"318":22,"319":0,"320":0,"321":0,"322":22,"323":22,"324":22,"325":22,"326":22,"327":3,"328":3,"329":19,"330":19,"331":19,"332":22,"333":19,"334":0,"335":0,"336":19,"337":19,"338":19,"339":22,"340":3,"341":3,"342":3,"343":3,"344":3,"345":3,"346":3,"347":0,"348":0,"349":0,"350":0,"351":19,"352":19,"353":0,"354":0,"355":22,"356":19,"357":22,"358":22,"359":22,"360":22,"361":0,"362":0,"363":0,"364":0,"365":0,"366":0,"367":0,"368":0,"369":3,"370":3,"371":25,"372":1,"373":3,"374":3,"375":3,"376":3,"377":3,"378":0,"379":0,"380":0,"381":3,"382":3,"383":3,"384":3,"385":3,"386":3,"387":2,"388":2,"389":2,"390":2,"391":2,"392":0,"393":0,"394":1,"395":1,"396":3,"397":1,"398":3,"399":3,"400":3,"401":1,"402":3,"403":3,"404":3,"405":3,"406":0,"407":0,"408":0,"409":0,"410":0,"411":0,"412":0,"413":0,"414":3,"415":1,"416":0,"417":0,"418":0,"419":0,"420":0,"421":0,"422":0,"423":0,"424":0,"425":0,"426":1,"427":30,"428":30,"429":30,"430":30,"431":24,"432":24,"433":24,"434":24,"435":24,"436":5,"437":5,"438":5,"439":19,"440":19,"441":0,"442":0,"443":24,"444":19,"445":24,"446":24,"447":24,"448":24,"449":0,"450":0,"451":6,"452":6,"453":30,"454":6,"455":6,"456":6,"457":2,"458":2,"459":6,"460":30,"461":1,"462":30,"463":30,"464":30,"465":24,"466":24,"467":6,"468":6,"469":6,"470":30,"471":24,"472":24,"473":24,"474":24,"475":24,"476":24,"477":24,"478":0,"479":0,"480":0,"481":0,"482":6,"483":6,"484":30,"485":1,"486":24,"487":24,"488":24,"489":5,"490":5,"491":19,"492":19,"493":19,"494":24,"495":5,"496":5,"497":5,"498":5,"499":5,"500":5,"501":5,"502":0,"503":0,"504":0,"505":0,"506":19,"507":19,"508":24,"509":1,"510":6,"511":6,"512":6,"513":2,"514":2,"515":4,"516":4,"517":4,"518":6,"519":2,"520":2,"521":2,"522":2,"523":2,"524":2,"525":2,"526":0,"527":0,"528":0,"529":0,"530":4,"531":4,"532":6,"533":1,"534":40,"535":40,"536":40,"537":32,"538":32,"539":26,"540":26,"541":23,"542":23,"543":3,"544":3,"545":3,"546":26,"547":23,"548":23,"549":23,"550":23,"551":21,"552":21,"553":21,"554":21,"555":21,"556":21,"557":21,"558":21,"559":21,"560":7,"561":7,"562":7,"563":14,"564":14,"565":0,"566":0,"567":21,"568":14,"569":21,"570":21,"571":21,"572":21,"573":0,"574":0,"575":0,"576":0,"577":0,"578":0,"579":2,"580":2,"581":0,"582":0,"583":3,"584":3,"585":26,"586":5,"587":5,"588":5,"589":3,"590":3,"591":3,"592":3,"593":3,"594":3,"595":3,"596":3,"597":3,"598":0,"599":0,"600":0,"601":3,"602":3,"603":0,"604":0,"605":3,"606":3,"607":3,"608":3,"609":3,"610":3,"611":0,"612":0,"613":0,"614":0,"615":0,"616":0,"617":2,"618":2,"619":5,"620":2,"621":2,"622":2,"623":2,"624":0,"625":0,"626":0,"627":2,"628":2,"629":2,"630":2,"631":1,"632":1,"633":1,"634":1,"635":1,"636":2,"637":1,"638":1,"639":1,"640":1,"641":1,"642":1,"643":1,"644":1,"645":0,"646":0,"647":0,"648":0,"649":1,"650":0,"651":1,"652":1,"653":1,"654":1,"655":0,"656":0,"657":1,"658":1,"659":0,"660":0,"661":0,"662":0,"663":2,"664":1,"665":1,"666":1,"667":1,"668":0,"669":0,"670":0,"671":1,"672":1,"673":1,"674":1,"675":1,"676":1,"677":0,"678":0,"679":0,"680":1,"681":1,"682":1,"683":1,"684":1,"685":1,"686":1,"687":1,"688":1,"689":0,"690":0,"691":0,"692":0,"693":1,"694":0,"695":1,"696":1,"697":1,"698":1,"699":0,"700":0,"701":0,"702":0,"703":0,"704":0,"705":0,"706":0,"707":40,"708":1,"709":40,"710":40,"711":40,"712":40,"713":40,"714":40,"715":24,"716":24,"717":16,"718":16,"719":16,"720":40,"721":24,"722":24,"723":24,"724":24,"725":22,"726":22,"727":22,"728":1,"729":1,"730":21,"731":21,"732":21,"733":22,"734":1,"735":1,"736":1,"737":1,"738":1,"739":0,"740":0,"741":21,"742":21,"743":0,"744":0,"745":2,"746":2,"747":0,"748":0,"749":16,"750":16,"751":40,"752":39,"753":40,"754":40,"755":40,"756":40,"757":3,"758":3,"759":3,"760":3,"761":3,"762":0,"763":0,"764":37,"765":37,"766":40,"767":3,"768":3,"769":37,"770":37,"771":0,"772":0,"773":40,"774":3,"775":3,"776":40,"777":40,"778":37,"779":40,"780":40,"781":40,"782":34,"783":34,"784":1,"785":1,"786":33,"787":33,"788":33,"789":34,"790":33,"791":2,"792":2,"793":31,"794":31,"795":31,"796":33,"797":31,"798":1,"799":1,"800":30,"801":30,"802":30,"803":34,"804":4,"805":4,"806":4,"807":2,"808":2,"809":2,"810":2,"811":2,"812":4,"813":2,"814":2,"815":2,"816":2,"817":2,"818":0,"819":0,"820":30,"821":30,"822":40,"823":8,"824":8,"825":8,"826":32,"827":32,"828":0,"829":0,"830":40,"831":1,"832":32,"833":32,"834":32,"835":0,"836":0,"837":32,"838":32,"839":32,"840":32,"841":32,"842":1,"843":1,"844":31,"845":31,"846":31,"847":32,"848":31,"849":1,"850":1,"851":30,"852":30,"853":30,"854":32,"855":2,"856":2,"857":2,"858":2,"859":2,"860":2,"861":2,"862":0,"863":0,"864":0,"865":0,"866":30,"867":30,"868":32,"869":30,"870":30,"871":1,"872":1,"873":29,"874":29,"875":29,"876":30,"877":1,"878":1,"879":30,"880":30,"881":29,"882":29,"883":1,"884":1,"885":28,"886":28,"887":28,"888":29,"889":1,"890":1,"891":29,"892":29,"893":28,"894":28,"895":1,"896":1,"897":27,"898":27,"899":27,"900":28,"901":1,"902":1,"903":28,"904":28,"905":27,"906":27,"907":1,"908":1,"909":26,"910":26,"911":26,"912":27,"913":1,"914":1,"915":27,"916":32,"917":1,"918":26,"919":26,"920":26,"921":9,"922":9,"923":17,"924":17,"925":17,"926":26,"927":9,"928":9,"929":9,"930":9,"931":9,"932":9,"933":9,"934":0,"935":0,"936":0,"937":0,"938":17,"939":17,"940":26,"941":1,"942":50,"943":50,"944":50,"945":50,"946":21,"947":50,"948":39,"949":39,"950":4,"951":4,"952":35,"953":35,"954":35,"955":39,"956":35,"957":39,"958":39,"959":8,"960":8,"961":31,"962":31,"963":31,"964":39,"965":8,"966":8,"967":31,"968":31,"969":0,"970":0,"971":39,"972":31,"973":39,"974":39,"975":39,"976":39,"977":0,"978":0,"979":11,"980":11,"981":50,"982":11,"983":11,"984":6,"985":6,"986":5,"987":5,"988":5,"989":11,"990":6,"991":6,"992":11,"993":50,"994":1,"995":50,"996":50,"997":50,"998":50,"999":29,"1000":29,"1001":29,"1002":29,"1003":29,"1004":0,"1005":0,"1006":21,"1007":21,"1008":50,"1009":1,"1010":29,"1011":29,"1012":0,"1013":0,"1014":29,"1015":29,"1016":29,"1017":29,"1018":29,"1019":10,"1020":10,"1021":19,"1022":19,"1023":19,"1024":29,"1025":19,"1026":2,"1027":2,"1028":17,"1029":17,"1030":17,"1031":19,"1032":17,"1033":17,"1034":17,"1035":0,"1036":0,"1037":0,"1038":29,"1039":1,"1040":80,"1041":80,"1042":2,"1043":2,"1044":78,"1045":78,"1046":78,"1047":80,"1048":78,"1049":3,"1050":3,"1051":75,"1052":75,"1053":75,"1054":78,"1055":75,"1056":34,"1057":34,"1058":41,"1059":41,"1060":41,"1061":75,"1062":41,"1063":5,"1064":5,"1065":36,"1066":36,"1067":36,"1068":41,"1069":36,"1070":7,"1071":7,"1072":29,"1073":29,"1074":29,"1075":36,"1076":29,"1077":5,"1078":5,"1079":24,"1080":24,"1081":24,"1082":80,"1083":1,"1084":21,"1085":21,"1086":21,"1087":4,"1088":4,"1089":17,"1090":17,"1091":17,"1092":21,"1093":4,"1094":4,"1095":21,"1096":21,"1097":17,"1098":17,"1099":5,"1100":5,"1101":12,"1102":12,"1103":12,"1104":17,"1105":5,"1106":5,"1107":17,"1108":17,"1109":12,"1110":12,"1111":1,"1112":1,"1113":11,"1114":11,"1115":11,"1116":12,"1117":1,"1118":1,"1119":12,"1120":12,"1121":11,"1122":11,"1123":0,"1124":0,"1125":11,"1126":11,"1127":11,"1128":11,"1129":0,"1130":0,"1131":11,"1132":11,"1133":11,"1134":11,"1135":0,"1136":0,"1137":11,"1138":11,"1139":11,"1140":11,"1141":0,"1142":0,"1143":11,"1144":11,"1145":11,"1146":11,"1147":0,"1148":0,"1149":11,"1150":11,"1151":11,"1152":11,"1153":0,"1154":0,"1155":11,"1156":11,"1157":11,"1158":11,"1159":0,"1160":0,"1161":11,"1162":11,"1163":11,"1164":11,"1165":0,"1166":0,"1167":11,"1168":21,"1169":1,"1170":43,"1171":43,"1172":43,"1173":2,"1174":2,"1175":41,"1176":41,"1177":41,"1178":43,"1179":2,"1180":2,"1181":43,"1182":43,"1183":41,"1184":41,"1185":2,"1186":2,"1187":39,"1188":39,"1189":39,"1190":41,"1191":2,"1192":2,"1193":41,"1194":41,"1195":39,"1196":39,"1197":0,"1198":0,"1199":39,"1200":39,"1201":39,"1202":39,"1203":0,"1204":0,"1205":39,"1206":39,"1207":39,"1208":39,"1209":0,"1210":0,"1211":39,"1212":39,"1213":39,"1214":39,"1215":0,"1216":0,"1217":39,"1218":39,"1219":39,"1220":39,"1221":0,"1222":0,"1223":39,"1224":39,"1225":39,"1226":39,"1227":0,"1228":0,"1229":39,"1230":39,"1231":39,"1232":39,"1233":0,"1234":0,"1235":39,"1236":39,"1237":39,"1238":39,"1239":0,"1240":0,"1241":39,"1242":39,"1243":39,"1244":39,"1245":0,"1246":0,"1247":39,"1248":39,"1249":39,"1250":39,"1251":0,"1252":0,"1253":39,"1254":39,"1255":39,"1256":39,"1257":0,"1258":0,"1259":39,"1260":39,"1261":39,"1262":39,"1263":0,"1264":0,"1265":39,"1266":39,"1267":39,"1268":39,"1269":1,"1270":1,"1271":38,"1272":38,"1273":38,"1274":39,"1275":1,"1276":1,"1277":39,"1278":39,"1279":38,"1280":38,"1281":0,"1282":0,"1283":38,"1284":38,"1285":38,"1286":38,"1287":0,"1288":0,"1289":38,"1290":38,"1291":38,"1292":38,"1293":0,"1294":0,"1295":38,"1296":38,"1297":38,"1298":38,"1299":0,"1300":0,"1301":38,"1302":38,"1303":38,"1304":38,"1305":0,"1306":0,"1307":38,"1308":38,"1309":38,"1310":38,"1311":0,"1312":0,"1313":38,"1314":38,"1315":38,"1316":38,"1317":0,"1318":0,"1319":38,"1320":38,"1321":38,"1322":38,"1323":0,"1324":0,"1325":38,"1326":38,"1327":38,"1328":38,"1329":0,"1330":0,"1331":38,"1332":38,"1333":38,"1334":38,"1335":0,"1336":0,"1337":38,"1338":38,"1339":38,"1340":38,"1341":0,"1342":0,"1343":38,"1344":38,"1345":38,"1346":38,"1347":0,"1348":0,"1349":38,"1350":38,"1351":38,"1352":38,"1353":0,"1354":0,"1355":38,"1356":38,"1357":38,"1358":38,"1359":0,"1360":0,"1361":38,"1362":38,"1363":38,"1364":38,"1365":0,"1366":0,"1367":38,"1368":38,"1369":38,"1370":38,"1371":0,"1372":0,"1373":38,"1374":38,"1375":38,"1376":38,"1377":0,"1378":0,"1379":38,"1380":38,"1381":38,"1382":38,"1383":0,"1384":0,"1385":38,"1386":38,"1387":38,"1388":38,"1389":0,"1390":0,"1391":38,"1392":38,"1393":38,"1394":38,"1395":0,"1396":0,"1397":38,"1398":38,"1399":38,"1400":38,"1401":0,"1402":0,"1403":38,"1404":38,"1405":38,"1406":38,"1407":0,"1408":0,"1409":38,"1410":38,"1411":38,"1412":38,"1413":0,"1414":0,"1415":38,"1416":38,"1417":38,"1418":38,"1419":0,"1420":0,"1421":38,"1422":38,"1423":38,"1424":38,"1425":0,"1426":0,"1427":38,"1428":38,"1429":38,"1430":38,"1431":0,"1432":0,"1433":38,"1434":38,"1435":38,"1436":38,"1437":0,"1438":0,"1439":38,"1440":38,"1441":38,"1442":38,"1443":0,"1444":0,"1445":38,"1446":38,"1447":38,"1448":38,"1449":0,"1450":0,"1451":38,"1452":38,"1453":38,"1454":38,"1455":0,"1456":0,"1457":38,"1458":43,"1459":1,"1460":1,"1461":1,"1462":1,"1463":1,"1464":1,"1465":0,"1466":0,"1467":0,"1468":1,"1469":1,"1470":1,"1471":1,"1472":1,"1473":0,"1474":0,"1475":0,"1476":0,"1477":0,"1478":0,"1479":0,"1480":0,"1481":0,"1482":0,"1483":0,"1484":0,"1485":0,"1486":0,"1487":0,"1488":0,"1489":0,"1490":0,"1491":0,"1492":0,"1493":0,"1494":0,"1495":0,"1496":0,"1497":0,"1498":0,"1499":0,"1500":0,"1501":0,"1502":0,"1503":0,"1504":0,"1505":0,"1506":0,"1507":0,"1508":0,"1509":0,"1510":0,"1511":0,"1512":0,"1513":0,"1514":0,"1515":0,"1516":0,"1517":0,"1518":0,"1519":0,"1520":0,"1521":0,"1522":0,"1523":0,"1524":0,"1525":0,"1526":0,"1527":0,"1528":0,"1529":0,"1530":0,"1531":0,"1532":0,"1533":0,"1534":0,"1535":0,"1536":0,"1537":0,"1538":0,"1539":0,"1540":0,"1541":0,"1542":0,"1543":0,"1544":0,"1545":0,"1546":0,"1547":0,"1548":0,"1549":0,"1550":0,"1551":0,"1552":0,"1553":0,"1554":0,"1555":0,"1556":0,"1557":0,"1558":0,"1559":0,"1560":0,"1561":0,"1562":0,"1563":0,"1564":0,"1565":0,"1566":0,"1567":0,"1568":0,"1569":0,"1570":0,"1571":0,"1572":0,"1573":0,"1574":0,"1575":0,"1576":0,"1577":0,"1578":0,"1579":0,"1580":0,"1581":0,"1582":0,"1583":0,"1584":0,"1585":0,"1586":0,"1587":0,"1588":0,"1589":0,"1590":0,"1591":0,"1592":0,"1593":0,"1594":0,"1595":0,"1596":0,"1597":0,"1598":0,"1599":0,"1600":0,"1601":0,"1602":0,"1603":0,"1604":0,"1605":0,"1606":0,"1607":0,"1608":0,"1609":0,"1610":0,"1611":0,"1612":0,"1613":0,"1614":0,"1615":0,"1616":0,"1617":0,"1618":0,"1619":0,"1620":0,"1621":0,"1622":0,"1623":0,"1624":0,"1625":0,"1626":0,"1627":0,"1628":1,"1629":1,"1630":118,"1631":118,"1632":118,"1633":118,"1634":118,"1635":60,"1636":60,"1637":58,"1638":58,"1639":0,"1640":118,"1641":60,"1642":88,"1643":88,"1644":28,"1645":28,"1646":60,"1647":60,"1648":0,"1649":58,"1650":118,"1651":60,"1652":60,"1653":118,"1654":118,"1655":118,"1656":58,"1657":58,"1658":58,"1659":118,"1660":1,"1661":425,"1662":425,"1663":425,"1664":425,"1665":425,"1666":327,"1667":327,"1668":98,"1669":98,"1670":0,"1671":425,"1672":327,"1673":327,"1674":0,"1675":0,"1676":327,"1677":327,"1678":0,"1679":425,"1680":425,"1681":425,"1682":425,"1683":425,"1684":425,"1685":0,"1686":0,"1687":0,"1688":425,"1689":1,"1690":26,"1691":26,"1692":24,"1693":26,"1694":7,"1695":26,"1696":1,"1697":32,"1698":9,"1699":9,"1700":23,"1701":23,"1702":23,"1703":30,"1704":30,"1705":30,"1706":0,"1707":0,"1708":0,"1709":1},"b":{"1":[0,0],"2":[0,0],"3":[0,0],"4":[0,0],"5":[0,0],"6":[0,0,0],"7":[0,0],"8":[0,30],"9":[26,4],"10":[26,0],"11":[3,19],"12":[2,1],"13":[1,1],"14":[1,1],"15":[0,1],"16":[1,0],"17":[3,0],"18":[3,5],"19":[3,0],"20":[1,2],"21":[31,8],"22":[0,30],"23":[0,0],"24":[0,0],"25":[0,0],"26":[0,0],"27":[0,0],"28":[897,1010],"29":[183,827],"30":[0,30],"31":[30,0],"32":[3,27],"33":[30,0],"34":[30,0],"35":[26,4],"36":[4,26],"37":[30,0],"38":[0,30],"39":[30,0],"40":[22,8],"41":[22,0],"42":[0,0],"43":[22,0],"44":[22,0],"45":[19,3],"46":[30,0],"47":[0,0],"48":[30,0],"49":[30,0],"50":[8,22],"51":[22,3],"52":[22,0],"53":[22,0],"54":[22,0],"55":[0,0],"56":[22,0],"57":[22,0],"58":[3,19],"59":[19,0],"60":[19,3],"61":[0,19],"62":[19,0],"63":[3,19],"64":[3,0],"65":[3,0],"66":[19,3],"67":[22,0],"68":[3,0],"69":[0,0],"70":[3,0],"71":[3,0],"72":[2,1],"73":[2,0],"74":[1,2],"75":[3,0],"76":[1,2],"77":[3,0],"78":[0,0],"79":[0,0],"80":[24,6],"81":[24,0],"82":[5,19],"83":[19,5],"84":[24,0],"85":[6,24],"86":[2,4],"87":[24,6],"88":[6,0],"89":[24,6],"90":[24,0],"91":[24,0],"92":[5,19],"93":[19,0],"94":[5,19],"95":[5,0],"96":[5,0],"97":[2,4],"98":[4,0],"99":[2,4],"100":[2,0],"101":[2,0],"102":[32,8],"103":[26,6],"104":[23,3],"105":[3,0],"106":[23,3],"107":[23,0],"108":[21,2],"109":[21,0],"110":[21,0],"111":[21,0],"112":[7,14],"113":[14,7],"114":[21,0],"115":[5,21],"116":[3,2],"117":[3,0],"118":[3,0],"119":[3,0],"120":[0,3],"121":[3,0],"122":[3,0],"123":[2,3],"124":[2,0],"125":[0,0],"126":[2,0],"127":[2,0],"128":[1,1],"129":[1,0],"130":[1,1],"131":[1,0],"132":[1,0],"133":[0,1],"134":[1,0],"135":[1,1],"136":[1,0],"137":[0,0],"138":[1,0],"139":[1,0],"140":[1,0],"141":[0,0],"142":[1,0],"143":[1,0],"144":[1,0],"145":[0,1],"146":[1,0],"147":[24,16],"148":[16,0],"149":[24,16],"150":[24,0],"151":[22,2],"152":[22,0],"153":[1,21],"154":[21,0],"155":[1,21],"156":[1,0],"157":[39,1],"158":[40,0],"159":[3,37],"160":[3,0],"161":[3,37],"162":[3,37],"163":[37,3],"164":[40,0],"165":[34,6],"166":[1,33],"167":[33,0],"168":[33,1],"169":[2,31],"170":[31,0],"171":[31,2],"172":[1,30],"173":[30,0],"174":[4,30],"175":[4,0],"176":[2,2],"177":[2,0],"178":[2,2],"179":[8,32],"180":[0,32],"181":[32,0],"182":[32,0],"183":[1,31],"184":[31,0],"185":[31,1],"186":[1,30],"187":[30,0],"188":[2,30],"189":[2,0],"190":[2,0],"191":[30,2],"192":[1,29],"193":[29,0],"194":[1,29],"195":[29,1],"196":[1,28],"197":[28,0],"198":[1,28],"199":[28,1],"200":[1,27],"201":[27,0],"202":[1,27],"203":[27,1],"204":[1,26],"205":[26,0],"206":[1,26],"207":[9,17],"208":[17,0],"209":[9,17],"210":[9,0],"211":[9,0],"212":[21,29],"213":[39,11],"214":[4,35],"215":[35,0],"216":[35,4],"217":[39,0],"218":[8,31],"219":[31,0],"220":[8,31],"221":[31,8],"222":[39,0],"223":[11,39],"224":[6,5],"225":[5,0],"226":[6,5],"227":[29,21],"228":[29,0],"229":[0,29],"230":[29,0],"231":[29,0],"232":[10,19],"233":[19,0],"234":[19,10],"235":[2,17],"236":[17,0],"237":[17,2],"238":[17,0],"239":[0,0],"240":[2,78],"241":[78,0],"242":[78,2],"243":[3,75],"244":[75,0],"245":[75,3],"246":[34,41],"247":[41,0],"248":[41,34],"249":[5,36],"250":[36,0],"251":[36,5],"252":[7,29],"253":[29,0],"254":[29,7],"255":[5,24],"256":[24,0],"257":[4,17],"258":[17,0],"259":[4,17],"260":[17,4],"261":[5,12],"262":[12,0],"263":[5,12],"264":[12,5],"265":[1,11],"266":[11,0],"267":[1,11],"268":[11,1],"269":[0,11],"270":[11,0],"271":[0,11],"272":[11,0],"273":[0,11],"274":[11,0],"275":[0,11],"276":[11,0],"277":[0,11],"278":[11,0],"279":[0,11],"280":[11,0],"281":[0,11],"282":[11,0],"283":[0,11],"284":[2,41],"285":[41,0],"286":[2,41],"287":[41,2],"288":[2,39],"289":[39,0],"290":[2,39],"291":[39,2],"292":[0,39],"293":[39,0],"294":[0,39],"295":[39,0],"296":[0,39],"297":[39,0],"298":[0,39],"299":[39,0],"300":[0,39],"301":[39,0],"302":[0,39],"303":[39,0],"304":[0,39],"305":[39,0],"306":[0,39],"307":[39,0],"308":[0,39],"309":[39,0],"310":[0,39],"311":[39,0],"312":[0,39],"313":[39,0],"314":[0,39],"315":[39,0],"316":[1,38],"317":[38,0],"318":[1,38],"319":[38,1],"320":[0,38],"321":[38,0],"322":[0,38],"323":[38,0],"324":[0,38],"325":[38,0],"326":[0,38],"327":[38,0],"328":[0,38],"329":[38,0],"330":[0,38],"331":[38,0],"332":[0,38],"333":[38,0],"334":[0,38],"335":[38,0],"336":[0,38],"337":[38,0],"338":[0,38],"339":[38,0],"340":[0,38],"341":[38,0],"342":[0,38],"343":[38,0],"344":[0,38],"345":[38,0],"346":[0,38],"347":[38,0],"348":[0,38],"349":[38,0],"350":[0,38],"351":[38,0],"352":[0,38],"353":[38,0],"354":[0,38],"355":[38,0],"356":[0,38],"357":[38,0],"358":[0,38],"359":[38,0],"360":[0,38],"361":[38,0],"362":[0,38],"363":[38,0],"364":[0,38],"365":[38,0],"366":[0,38],"367":[38,0],"368":[0,38],"369":[38,0],"370":[0,38],"371":[38,0],"372":[0,38],"373":[38,0],"374":[0,38],"375":[38,0],"376":[0,38],"377":[38,0],"378":[0,38],"379":[1,0],"380":[0,0],"381":[1,0],"382":[0,1],"383":[0,0],"384":[0,0],"385":[0,0],"386":[0,0],"387":[0,0],"388":[0,0],"389":[0,0],"390":[0,0],"391":[0,0],"392":[0,0],"393":[0,0],"394":[0,0],"395":[0,0],"396":[0,0],"397":[0,0],"398":[0,0],"399":[0,0],"400":[0,0],"401":[0,0],"402":[0,0],"403":[0,0],"404":[0,0],"405":[0,0],"406":[0,0],"407":[0,0],"408":[0,0],"409":[0,0],"410":[0,0],"411":[0,0],"412":[0,0],"413":[0,0],"414":[0,0],"415":[0,0],"416":[0,0],"417":[0,0],"418":[0,0],"419":[0,0],"420":[0,0],"421":[0,0],"422":[0,0],"423":[0,0],"424":[0,0],"425":[0,0],"426":[0,0],"427":[0,0],"428":[0,0],"429":[0,0],"430":[0,0],"431":[0,0],"432":[0,0],"433":[0,0],"434":[60,58],"435":[0,58],"436":[60,58],"437":[28,60],"438":[0,60],"439":[60,58],"440":[58,60],"441":[58,0],"442":[327,98],"443":[0,98],"444":[0,327],"445":[0,327],"446":[425,0],"447":[0,425],"448":[0,0],"449":[24,2],"450":[7,19],"451":[9,23],"452":[30,0],"453":[30,30],"454":[0,0],"455":[0,0],"456":[0,0],"457":[0,0]},"f":{"1":1,"2":1,"3":0,"4":0,"5":0,"6":0,"7":0,"8":0,"9":0,"10":0,"11":0,"12":0,"13":0,"14":0,"15":0,"16":0,"17":0,"18":0,"19":0,"20":30,"21":26,"22":30,"23":19,"24":8,"25":3,"26":22,"27":3,"28":3,"29":0,"30":5,"31":24,"32":2,"33":24,"34":7,"35":7,"36":21,"37":0,"38":3,"39":2,"40":1,"41":1,"42":3,"43":3,"44":2,"45":8,"46":2,"47":1,"48":1,"49":1,"50":1,"51":9,"52":39,"53":6,"54":29,"55":4,"56":5,"57":1,"58":0,"59":0,"60":0,"61":0,"62":2,"63":2,"64":0,"65":0,"66":0,"67":0,"68":0,"69":0,"70":1,"71":0,"72":0,"73":0,"74":1,"75":0,"76":0,"77":0,"78":0,"79":0,"80":0,"81":60,"82":425,"83":60,"84":0,"85":0,"86":0,"87":2190,"88":60,"89":0,"90":0,"91":60,"92":0,"93":0,"94":1907,"95":0,"96":0,"97":30,"98":30,"99":30,"100":25,"101":3,"102":0,"103":30,"104":30,"105":24,"106":6,"107":40,"108":40,"109":32,"110":26,"111":50,"112":50,"113":29,"114":80,"115":21,"116":43,"117":1,"118":118,"119":425,"120":26,"121":32},"fnMap":{"1":{"name":"peg$subclass","line":9,"loc":{"start":{"line":9,"column":0},"end":{"line":9,"column":37}}},"2":{"name":"ctor","line":10,"loc":{"start":{"line":10,"column":2},"end":{"line":10,"column":18}}},"3":{"name":"peg$SyntaxError","line":15,"loc":{"start":{"line":15,"column":0},"end":{"line":15,"column":61}}},"4":{"name":"(anonymous_4)","line":29,"loc":{"start":{"line":29,"column":31},"end":{"line":29,"column":57}}},"5":{"name":"(anonymous_5)","line":31,"loc":{"start":{"line":31,"column":17},"end":{"line":31,"column":39}}},"6":{"name":"(anonymous_6)","line":35,"loc":{"start":{"line":35,"column":17},"end":{"line":35,"column":39}}},"7":{"name":"(anonymous_7)","line":48,"loc":{"start":{"line":48,"column":13},"end":{"line":48,"column":35}}},"8":{"name":"(anonymous_8)","line":52,"loc":{"start":{"line":52,"column":13},"end":{"line":52,"column":35}}},"9":{"name":"(anonymous_9)","line":56,"loc":{"start":{"line":56,"column":15},"end":{"line":56,"column":37}}},"10":{"name":"hex","line":61,"loc":{"start":{"line":61,"column":2},"end":{"line":61,"column":19}}},"11":{"name":"literalEscape","line":65,"loc":{"start":{"line":65,"column":2},"end":{"line":65,"column":28}}},"12":{"name":"(anonymous_12)","line":73,"loc":{"start":{"line":73,"column":40},"end":{"line":73,"column":53}}},"13":{"name":"(anonymous_13)","line":74,"loc":{"start":{"line":74,"column":40},"end":{"line":74,"column":53}}},"14":{"name":"classEscape","line":77,"loc":{"start":{"line":77,"column":2},"end":{"line":77,"column":26}}},"15":{"name":"(anonymous_15)","line":87,"loc":{"start":{"line":87,"column":40},"end":{"line":87,"column":53}}},"16":{"name":"(anonymous_16)","line":88,"loc":{"start":{"line":88,"column":40},"end":{"line":88,"column":53}}},"17":{"name":"describeExpectation","line":91,"loc":{"start":{"line":91,"column":2},"end":{"line":91,"column":44}}},"18":{"name":"describeExpected","line":95,"loc":{"start":{"line":95,"column":2},"end":{"line":95,"column":38}}},"19":{"name":"describeFound","line":129,"loc":{"start":{"line":129,"column":2},"end":{"line":129,"column":32}}},"20":{"name":"peg$parse","line":136,"loc":{"start":{"line":136,"column":0},"end":{"line":136,"column":35}}},"21":{"name":"(anonymous_21)","line":144,"loc":{"start":{"line":144,"column":15},"end":{"line":144,"column":38}}},"22":{"name":"(anonymous_22)","line":145,"loc":{"start":{"line":145,"column":15},"end":{"line":145,"column":38}}},"23":{"name":"(anonymous_23)","line":156,"loc":{"start":{"line":156,"column":15},"end":{"line":156,"column":30}}},"24":{"name":"(anonymous_24)","line":157,"loc":{"start":{"line":157,"column":15},"end":{"line":157,"column":30}}},"25":{"name":"(anonymous_25)","line":168,"loc":{"start":{"line":168,"column":16},"end":{"line":168,"column":51}}},"26":{"name":"(anonymous_26)","line":169,"loc":{"start":{"line":169,"column":16},"end":{"line":169,"column":51}}},"27":{"name":"(anonymous_27)","line":181,"loc":{"start":{"line":181,"column":16},"end":{"line":181,"column":34}}},"28":{"name":"(anonymous_28)","line":182,"loc":{"start":{"line":182,"column":16},"end":{"line":182,"column":38}}},"29":{"name":"(anonymous_29)","line":212,"loc":{"start":{"line":212,"column":16},"end":{"line":212,"column":34}}},"30":{"name":"(anonymous_30)","line":213,"loc":{"start":{"line":213,"column":16},"end":{"line":213,"column":35}}},"31":{"name":"(anonymous_31)","line":214,"loc":{"start":{"line":214,"column":16},"end":{"line":214,"column":35}}},"32":{"name":"(anonymous_32)","line":215,"loc":{"start":{"line":215,"column":16},"end":{"line":215,"column":32}}},"33":{"name":"(anonymous_33)","line":218,"loc":{"start":{"line":218,"column":16},"end":{"line":218,"column":36}}},"34":{"name":"(anonymous_34)","line":221,"loc":{"start":{"line":221,"column":16},"end":{"line":221,"column":34}}},"35":{"name":"(anonymous_35)","line":226,"loc":{"start":{"line":226,"column":16},"end":{"line":226,"column":44}}},"36":{"name":"(anonymous_36)","line":227,"loc":{"start":{"line":227,"column":16},"end":{"line":227,"column":44}}},"37":{"name":"(anonymous_37)","line":230,"loc":{"start":{"line":230,"column":16},"end":{"line":230,"column":43}}},"38":{"name":"(anonymous_38)","line":231,"loc":{"start":{"line":231,"column":16},"end":{"line":231,"column":43}}},"39":{"name":"(anonymous_39)","line":236,"loc":{"start":{"line":236,"column":16},"end":{"line":236,"column":29}}},"40":{"name":"(anonymous_40)","line":237,"loc":{"start":{"line":237,"column":16},"end":{"line":237,"column":29}}},"41":{"name":"(anonymous_41)","line":242,"loc":{"start":{"line":242,"column":16},"end":{"line":242,"column":29}}},"42":{"name":"(anonymous_42)","line":247,"loc":{"start":{"line":247,"column":16},"end":{"line":247,"column":41}}},"43":{"name":"(anonymous_43)","line":248,"loc":{"start":{"line":248,"column":16},"end":{"line":248,"column":36}}},"44":{"name":"(anonymous_44)","line":267,"loc":{"start":{"line":267,"column":16},"end":{"line":267,"column":46}}},"45":{"name":"(anonymous_45)","line":268,"loc":{"start":{"line":268,"column":16},"end":{"line":268,"column":42}}},"46":{"name":"(anonymous_46)","line":282,"loc":{"start":{"line":282,"column":16},"end":{"line":282,"column":41}}},"47":{"name":"(anonymous_47)","line":287,"loc":{"start":{"line":287,"column":16},"end":{"line":287,"column":27}}},"48":{"name":"(anonymous_48)","line":292,"loc":{"start":{"line":292,"column":16},"end":{"line":292,"column":27}}},"49":{"name":"(anonymous_49)","line":297,"loc":{"start":{"line":297,"column":16},"end":{"line":297,"column":27}}},"50":{"name":"(anonymous_50)","line":302,"loc":{"start":{"line":302,"column":16},"end":{"line":302,"column":27}}},"51":{"name":"(anonymous_51)","line":305,"loc":{"start":{"line":305,"column":16},"end":{"line":305,"column":34}}},"52":{"name":"(anonymous_52)","line":308,"loc":{"start":{"line":308,"column":16},"end":{"line":308,"column":40}}},"53":{"name":"(anonymous_53)","line":311,"loc":{"start":{"line":311,"column":16},"end":{"line":311,"column":27}}},"54":{"name":"(anonymous_54)","line":312,"loc":{"start":{"line":312,"column":16},"end":{"line":312,"column":33}}},"55":{"name":"(anonymous_55)","line":333,"loc":{"start":{"line":333,"column":16},"end":{"line":333,"column":27}}},"56":{"name":"(anonymous_56)","line":336,"loc":{"start":{"line":336,"column":16},"end":{"line":336,"column":27}}},"57":{"name":"(anonymous_57)","line":339,"loc":{"start":{"line":339,"column":17},"end":{"line":339,"column":28}}},"58":{"name":"(anonymous_58)","line":342,"loc":{"start":{"line":342,"column":17},"end":{"line":342,"column":28}}},"59":{"name":"(anonymous_59)","line":345,"loc":{"start":{"line":345,"column":17},"end":{"line":345,"column":28}}},"60":{"name":"(anonymous_60)","line":348,"loc":{"start":{"line":348,"column":17},"end":{"line":348,"column":28}}},"61":{"name":"(anonymous_61)","line":351,"loc":{"start":{"line":351,"column":17},"end":{"line":351,"column":28}}},"62":{"name":"(anonymous_62)","line":354,"loc":{"start":{"line":354,"column":17},"end":{"line":354,"column":28}}},"63":{"name":"(anonymous_63)","line":357,"loc":{"start":{"line":357,"column":17},"end":{"line":357,"column":28}}},"64":{"name":"(anonymous_64)","line":360,"loc":{"start":{"line":360,"column":17},"end":{"line":360,"column":28}}},"65":{"name":"(anonymous_65)","line":363,"loc":{"start":{"line":363,"column":17},"end":{"line":363,"column":28}}},"66":{"name":"(anonymous_66)","line":366,"loc":{"start":{"line":366,"column":17},"end":{"line":366,"column":28}}},"67":{"name":"(anonymous_67)","line":369,"loc":{"start":{"line":369,"column":17},"end":{"line":369,"column":28}}},"68":{"name":"(anonymous_68)","line":372,"loc":{"start":{"line":372,"column":17},"end":{"line":372,"column":28}}},"69":{"name":"(anonymous_69)","line":375,"loc":{"start":{"line":375,"column":17},"end":{"line":375,"column":28}}},"70":{"name":"(anonymous_70)","line":378,"loc":{"start":{"line":378,"column":17},"end":{"line":378,"column":28}}},"71":{"name":"(anonymous_71)","line":381,"loc":{"start":{"line":381,"column":17},"end":{"line":381,"column":28}}},"72":{"name":"(anonymous_72)","line":384,"loc":{"start":{"line":384,"column":17},"end":{"line":384,"column":28}}},"73":{"name":"(anonymous_73)","line":387,"loc":{"start":{"line":387,"column":17},"end":{"line":387,"column":28}}},"74":{"name":"(anonymous_74)","line":412,"loc":{"start":{"line":412,"column":17},"end":{"line":412,"column":28}}},"75":{"name":"(anonymous_75)","line":415,"loc":{"start":{"line":415,"column":17},"end":{"line":415,"column":28}}},"76":{"name":"(anonymous_76)","line":418,"loc":{"start":{"line":418,"column":17},"end":{"line":418,"column":28}}},"77":{"name":"(anonymous_77)","line":421,"loc":{"start":{"line":421,"column":17},"end":{"line":421,"column":28}}},"78":{"name":"(anonymous_78)","line":424,"loc":{"start":{"line":424,"column":17},"end":{"line":424,"column":28}}},"79":{"name":"(anonymous_79)","line":427,"loc":{"start":{"line":427,"column":17},"end":{"line":427,"column":28}}},"80":{"name":"(anonymous_80)","line":430,"loc":{"start":{"line":430,"column":17},"end":{"line":430,"column":28}}},"81":{"name":"(anonymous_81)","line":448,"loc":{"start":{"line":448,"column":17},"end":{"line":448,"column":28}}},"82":{"name":"(anonymous_82)","line":452,"loc":{"start":{"line":452,"column":17},"end":{"line":452,"column":28}}},"83":{"name":"text","line":471,"loc":{"start":{"line":471,"column":2},"end":{"line":471,"column":18}}},"84":{"name":"location","line":475,"loc":{"start":{"line":475,"column":2},"end":{"line":475,"column":22}}},"85":{"name":"expected","line":479,"loc":{"start":{"line":479,"column":2},"end":{"line":479,"column":43}}},"86":{"name":"error","line":489,"loc":{"start":{"line":489,"column":2},"end":{"line":489,"column":36}}},"87":{"name":"peg$literalExpectation","line":495,"loc":{"start":{"line":495,"column":2},"end":{"line":495,"column":52}}},"88":{"name":"peg$classExpectation","line":499,"loc":{"start":{"line":499,"column":2},"end":{"line":499,"column":61}}},"89":{"name":"peg$anyExpectation","line":503,"loc":{"start":{"line":503,"column":2},"end":{"line":503,"column":32}}},"90":{"name":"peg$endExpectation","line":507,"loc":{"start":{"line":507,"column":2},"end":{"line":507,"column":32}}},"91":{"name":"peg$otherExpectation","line":511,"loc":{"start":{"line":511,"column":2},"end":{"line":511,"column":45}}},"92":{"name":"peg$computePosDetails","line":515,"loc":{"start":{"line":515,"column":2},"end":{"line":515,"column":38}}},"93":{"name":"peg$computeLocation","line":548,"loc":{"start":{"line":548,"column":2},"end":{"line":548,"column":49}}},"94":{"name":"peg$fail","line":566,"loc":{"start":{"line":566,"column":2},"end":{"line":566,"column":30}}},"95":{"name":"peg$buildSimpleError","line":577,"loc":{"start":{"line":577,"column":2},"end":{"line":577,"column":51}}},"96":{"name":"peg$buildStructuredError","line":581,"loc":{"start":{"line":581,"column":2},"end":{"line":581,"column":63}}},"97":{"name":"peg$parseExpression","line":590,"loc":{"start":{"line":590,"column":2},"end":{"line":590,"column":33}}},"98":{"name":"peg$parseEvery_Span_Clause","line":652,"loc":{"start":{"line":652,"column":2},"end":{"line":652,"column":40}}},"99":{"name":"peg$parseEvery_Single_Unit_Clause","line":690,"loc":{"start":{"line":690,"column":2},"end":{"line":690,"column":47}}},"100":{"name":"peg$parseSpan_Clause","line":725,"loc":{"start":{"line":725,"column":2},"end":{"line":725,"column":34}}},"101":{"name":"peg$parseEvery_Occurrence_Clause","line":817,"loc":{"start":{"line":817,"column":2},"end":{"line":817,"column":46}}},"102":{"name":"peg$parseOccurrence_Clause","line":879,"loc":{"start":{"line":879,"column":2},"end":{"line":879,"column":40}}},"103":{"name":"peg$parseLapse_Clause","line":896,"loc":{"start":{"line":896,"column":2},"end":{"line":896,"column":35}}},"104":{"name":"peg$parseFrom_Clause","line":946,"loc":{"start":{"line":946,"column":2},"end":{"line":946,"column":34}}},"105":{"name":"peg$parseTo_Clause","line":981,"loc":{"start":{"line":981,"column":2},"end":{"line":981,"column":32}}},"106":{"name":"peg$parseUntil_Clause","line":1016,"loc":{"start":{"line":1016,"column":2},"end":{"line":1016,"column":35}}},"107":{"name":"peg$parseTime_Clause","line":1051,"loc":{"start":{"line":1051,"column":2},"end":{"line":1051,"column":34}}},"108":{"name":"peg$parseDate_Clause","line":1296,"loc":{"start":{"line":1296,"column":2},"end":{"line":1296,"column":34}}},"109":{"name":"peg$parseDeictic_Clause","line":1465,"loc":{"start":{"line":1465,"column":2},"end":{"line":1465,"column":37}}},"110":{"name":"peg$parseOf_Clause","line":1578,"loc":{"start":{"line":1578,"column":2},"end":{"line":1578,"column":32}}},"111":{"name":"peg$parseOrdinal_Clause","line":1613,"loc":{"start":{"line":1613,"column":2},"end":{"line":1613,"column":37}}},"112":{"name":"peg$parseOrdinal_Number","line":1686,"loc":{"start":{"line":1686,"column":2},"end":{"line":1686,"column":37}}},"113":{"name":"peg$parseOrdinal_Suffix","line":1709,"loc":{"start":{"line":1709,"column":2},"end":{"line":1709,"column":37}}},"114":{"name":"peg$parseUnit","line":1750,"loc":{"start":{"line":1750,"column":2},"end":{"line":1750,"column":27}}},"115":{"name":"peg$parseOrdinal_Literal","line":1809,"loc":{"start":{"line":1809,"column":2},"end":{"line":1809,"column":38}}},"116":{"name":"peg$parseMonth_Literal","line":1919,"loc":{"start":{"line":1919,"column":2},"end":{"line":1919,"column":36}}},"117":{"name":"peg$parseWeekday_Literal","line":2284,"loc":{"start":{"line":2284,"column":2},"end":{"line":2284,"column":38}}},"118":{"name":"peg$parseNumber","line":2499,"loc":{"start":{"line":2499,"column":2},"end":{"line":2499,"column":29}}},"119":{"name":"peg$parse_","line":2540,"loc":{"start":{"line":2540,"column":2},"end":{"line":2540,"column":24}}},"120":{"name":"lapse_clause","line":2578,"loc":{"start":{"line":2578,"column":3},"end":{"line":2578,"column":35}}},"121":{"name":"time_clause","line":2591,"loc":{"start":{"line":2591,"column":3},"end":{"line":2591,"column":42}}}},"statementMap":{"1":{"start":{"line":9,"column":0},"end":{"line":13,"column":1}},"2":{"start":{"line":10,"column":2},"end":{"line":10,"column":47}},"3":{"start":{"line":10,"column":20},"end":{"line":10,"column":45}},"4":{"start":{"line":11,"column":2},"end":{"line":11,"column":36}},"5":{"start":{"line":12,"column":2},"end":{"line":12,"column":31}},"6":{"start":{"line":15,"column":0},"end":{"line":25,"column":1}},"7":{"start":{"line":16,"column":2},"end":{"line":16,"column":26}},"8":{"start":{"line":17,"column":2},"end":{"line":17,"column":27}},"9":{"start":{"line":18,"column":2},"end":{"line":18,"column":24}},"10":{"start":{"line":19,"column":2},"end":{"line":19,"column":27}},"11":{"start":{"line":20,"column":2},"end":{"line":20,"column":32}},"12":{"start":{"line":22,"column":2},"end":{"line":24,"column":3}},"13":{"start":{"line":23,"column":4},"end":{"line":23,"column":51}},"14":{"start":{"line":27,"column":0},"end":{"line":27,"column":37}},"15":{"start":{"line":29,"column":0},"end":{"line":134,"column":2}},"16":{"start":{"line":30,"column":2},"end":{"line":59,"column":8}},"17":{"start":{"line":32,"column":10},"end":{"line":32,"column":63}},"18":{"start":{"line":36,"column":10},"end":{"line":37,"column":16}},"19":{"start":{"line":39,"column":10},"end":{"line":43,"column":11}},"20":{"start":{"line":40,"column":12},"end":{"line":42,"column":50}},"21":{"start":{"line":45,"column":10},"end":{"line":45,"column":78}},"22":{"start":{"line":49,"column":10},"end":{"line":49,"column":33}},"23":{"start":{"line":53,"column":10},"end":{"line":53,"column":32}},"24":{"start":{"line":57,"column":10},"end":{"line":57,"column":41}},"25":{"start":{"line":61,"column":2},"end":{"line":63,"column":3}},"26":{"start":{"line":62,"column":4},"end":{"line":62,"column":55}},"27":{"start":{"line":65,"column":2},"end":{"line":75,"column":3}},"28":{"start":{"line":66,"column":4},"end":{"line":74,"column":83}},"29":{"start":{"line":73,"column":55},"end":{"line":73,"column":79}},"30":{"start":{"line":74,"column":55},"end":{"line":74,"column":79}},"31":{"start":{"line":77,"column":2},"end":{"line":89,"column":3}},"32":{"start":{"line":78,"column":4},"end":{"line":88,"column":83}},"33":{"start":{"line":87,"column":55},"end":{"line":87,"column":79}},"34":{"start":{"line":88,"column":55},"end":{"line":88,"column":79}},"35":{"start":{"line":91,"column":2},"end":{"line":93,"column":3}},"36":{"start":{"line":92,"column":4},"end":{"line":92,"column":67}},"37":{"start":{"line":95,"column":2},"end":{"line":127,"column":3}},"38":{"start":{"line":96,"column":4},"end":{"line":97,"column":13}},"39":{"start":{"line":99,"column":4},"end":{"line":101,"column":5}},"40":{"start":{"line":100,"column":6},"end":{"line":100,"column":57}},"41":{"start":{"line":103,"column":4},"end":{"line":103,"column":24}},"42":{"start":{"line":105,"column":4},"end":{"line":113,"column":5}},"43":{"start":{"line":106,"column":6},"end":{"line":111,"column":7}},"44":{"start":{"line":107,"column":8},"end":{"line":110,"column":9}},"45":{"start":{"line":108,"column":10},"end":{"line":108,"column":44}},"46":{"start":{"line":109,"column":10},"end":{"line":109,"column":14}},"47":{"start":{"line":112,"column":6},"end":{"line":112,"column":30}},"48":{"start":{"line":115,"column":4},"end":{"line":126,"column":5}},"49":{"start":{"line":117,"column":8},"end":{"line":117,"column":31}},"50":{"start":{"line":120,"column":8},"end":{"line":120,"column":58}},"51":{"start":{"line":123,"column":8},"end":{"line":125,"column":50}},"52":{"start":{"line":129,"column":2},"end":{"line":131,"column":3}},"53":{"start":{"line":130,"column":4},"end":{"line":130,"column":71}},"54":{"start":{"line":133,"column":2},"end":{"line":133,"column":95}},"55":{"start":{"line":136,"column":0},"end":{"line":2620,"column":1}},"56":{"start":{"line":137,"column":2},"end":{"line":137,"column":46}},"57":{"start":{"line":139,"column":2},"end":{"line":461,"column":17}},"58":{"start":{"line":144,"column":40},"end":{"line":144,"column":53}},"59":{"start":{"line":146,"column":7},"end":{"line":146,"column":26}},"60":{"start":{"line":147,"column":7},"end":{"line":151,"column":8}},"61":{"start":{"line":148,"column":8},"end":{"line":150,"column":9}},"62":{"start":{"line":149,"column":9},"end":{"line":149,"column":35}},"63":{"start":{"line":152,"column":7},"end":{"line":152,"column":21}},"64":{"start":{"line":156,"column":32},"end":{"line":156,"column":44}},"65":{"start":{"line":158,"column":7},"end":{"line":158,"column":33}},"66":{"start":{"line":159,"column":7},"end":{"line":159,"column":35}},"67":{"start":{"line":160,"column":7},"end":{"line":160,"column":21}},"68":{"start":{"line":168,"column":53},"end":{"line":168,"column":71}},"69":{"start":{"line":170,"column":7},"end":{"line":170,"column":33}},"70":{"start":{"line":171,"column":7},"end":{"line":171,"column":40}},"71":{"start":{"line":173,"column":7},"end":{"line":177,"column":8}},"72":{"start":{"line":174,"column":8},"end":{"line":176,"column":9}},"73":{"start":{"line":175,"column":9},"end":{"line":175,"column":45}},"74":{"start":{"line":179,"column":7},"end":{"line":179,"column":21}},"75":{"start":{"line":181,"column":36},"end":{"line":181,"column":51}},"76":{"start":{"line":183,"column":8},"end":{"line":183,"column":42}},"77":{"start":{"line":184,"column":8},"end":{"line":208,"column":9}},"78":{"start":{"line":185,"column":9},"end":{"line":189,"column":10}},"79":{"start":{"line":186,"column":10},"end":{"line":186,"column":42}},"80":{"start":{"line":187,"column":10},"end":{"line":187,"column":40}},"81":{"start":{"line":188,"column":10},"end":{"line":188,"column":39}},"82":{"start":{"line":191,"column":9},"end":{"line":195,"column":10}},"83":{"start":{"line":192,"column":10},"end":{"line":192,"column":42}},"84":{"start":{"line":193,"column":10},"end":{"line":193,"column":40}},"85":{"start":{"line":194,"column":10},"end":{"line":194,"column":43}},"86":{"start":{"line":197,"column":9},"end":{"line":201,"column":10}},"87":{"start":{"line":198,"column":10},"end":{"line":198,"column":32}},"88":{"start":{"line":199,"column":10},"end":{"line":199,"column":34}},"89":{"start":{"line":200,"column":10},"end":{"line":200,"column":39}},"90":{"start":{"line":203,"column":9},"end":{"line":207,"column":10}},"91":{"start":{"line":204,"column":10},"end":{"line":204,"column":32}},"92":{"start":{"line":205,"column":10},"end":{"line":205,"column":34}},"93":{"start":{"line":206,"column":10},"end":{"line":206,"column":43}},"94":{"start":{"line":210,"column":8},"end":{"line":210,"column":22}},"95":{"start":{"line":212,"column":36},"end":{"line":212,"column":48}},"96":{"start":{"line":213,"column":37},"end":{"line":213,"column":47}},"97":{"start":{"line":214,"column":37},"end":{"line":214,"column":67}},"98":{"start":{"line":215,"column":34},"end":{"line":215,"column":67}},"99":{"start":{"line":218,"column":38},"end":{"line":218,"column":55}},"100":{"start":{"line":221,"column":36},"end":{"line":221,"column":51}},"101":{"start":{"line":226,"column":46},"end":{"line":226,"column":56}},"102":{"start":{"line":228,"column":8},"end":{"line":228,"column":46}},"103":{"start":{"line":230,"column":45},"end":{"line":230,"column":55}},"104":{"start":{"line":232,"column":8},"end":{"line":232,"column":45}},"105":{"start":{"line":236,"column":31},"end":{"line":236,"column":41}},"106":{"start":{"line":238,"column":8},"end":{"line":238,"column":45}},"107":{"start":{"line":243,"column":8},"end":{"line":243,"column":44}},"108":{"start":{"line":247,"column":43},"end":{"line":247,"column":56}},"109":{"start":{"line":249,"column":10},"end":{"line":249,"column":26}},"110":{"start":{"line":250,"column":22},"end":{"line":255,"column":23}},"111":{"start":{"line":251,"column":23},"end":{"line":251,"column":57}},"112":{"start":{"line":252,"column":11},"end":{"line":252,"column":37}},"113":{"start":{"line":254,"column":23},"end":{"line":254,"column":53}},"114":{"start":{"line":257,"column":10},"end":{"line":257,"column":24}},"115":{"start":{"line":267,"column":48},"end":{"line":267,"column":64}},"116":{"start":{"line":269,"column":8},"end":{"line":269,"column":36}},"117":{"start":{"line":270,"column":14},"end":{"line":278,"column":15}},"118":{"start":{"line":271,"column":9},"end":{"line":273,"column":10}},"119":{"start":{"line":272,"column":10},"end":{"line":272,"column":41}},"120":{"start":{"line":275,"column":9},"end":{"line":277,"column":10}},"121":{"start":{"line":276,"column":10},"end":{"line":276,"column":37}},"122":{"start":{"line":280,"column":8},"end":{"line":280,"column":22}},"123":{"start":{"line":283,"column":8},"end":{"line":283,"column":49}},"124":{"start":{"line":288,"column":8},"end":{"line":288,"column":51}},"125":{"start":{"line":293,"column":8},"end":{"line":293,"column":48}},"126":{"start":{"line":298,"column":8},"end":{"line":298,"column":48}},"127":{"start":{"line":303,"column":8},"end":{"line":303,"column":48}},"128":{"start":{"line":305,"column":36},"end":{"line":305,"column":51}},"129":{"start":{"line":309,"column":7},"end":{"line":309,"column":56}},"130":{"start":{"line":311,"column":29},"end":{"line":311,"column":39}},"131":{"start":{"line":312,"column":35},"end":{"line":312,"column":63}},"132":{"start":{"line":333,"column":29},"end":{"line":333,"column":38}},"133":{"start":{"line":336,"column":29},"end":{"line":336,"column":38}},"134":{"start":{"line":339,"column":30},"end":{"line":339,"column":39}},"135":{"start":{"line":342,"column":30},"end":{"line":342,"column":39}},"136":{"start":{"line":345,"column":30},"end":{"line":345,"column":39}},"137":{"start":{"line":348,"column":30},"end":{"line":348,"column":39}},"138":{"start":{"line":351,"column":30},"end":{"line":351,"column":39}},"139":{"start":{"line":354,"column":30},"end":{"line":354,"column":53}},"140":{"start":{"line":357,"column":30},"end":{"line":357,"column":53}},"141":{"start":{"line":360,"column":30},"end":{"line":360,"column":53}},"142":{"start":{"line":363,"column":30},"end":{"line":363,"column":53}},"143":{"start":{"line":366,"column":30},"end":{"line":366,"column":53}},"144":{"start":{"line":369,"column":30},"end":{"line":369,"column":53}},"145":{"start":{"line":372,"column":30},"end":{"line":372,"column":53}},"146":{"start":{"line":375,"column":30},"end":{"line":375,"column":53}},"147":{"start":{"line":378,"column":30},"end":{"line":378,"column":53}},"148":{"start":{"line":381,"column":30},"end":{"line":381,"column":53}},"149":{"start":{"line":384,"column":30},"end":{"line":384,"column":53}},"150":{"start":{"line":387,"column":30},"end":{"line":387,"column":53}},"151":{"start":{"line":412,"column":30},"end":{"line":412,"column":48}},"152":{"start":{"line":415,"column":30},"end":{"line":415,"column":48}},"153":{"start":{"line":418,"column":30},"end":{"line":418,"column":48}},"154":{"start":{"line":421,"column":30},"end":{"line":421,"column":48}},"155":{"start":{"line":424,"column":30},"end":{"line":424,"column":48}},"156":{"start":{"line":427,"column":30},"end":{"line":427,"column":48}},"157":{"start":{"line":430,"column":30},"end":{"line":430,"column":48}},"158":{"start":{"line":448,"column":30},"end":{"line":448,"column":54}},"159":{"start":{"line":452,"column":30},"end":{"line":452,"column":41}},"160":{"start":{"line":463,"column":2},"end":{"line":469,"column":3}},"161":{"start":{"line":464,"column":4},"end":{"line":466,"column":5}},"162":{"start":{"line":465,"column":6},"end":{"line":465,"column":86}},"163":{"start":{"line":468,"column":4},"end":{"line":468,"column":70}},"164":{"start":{"line":471,"column":2},"end":{"line":473,"column":3}},"165":{"start":{"line":472,"column":4},"end":{"line":472,"column":54}},"166":{"start":{"line":475,"column":2},"end":{"line":477,"column":3}},"167":{"start":{"line":476,"column":4},"end":{"line":476,"column":58}},"168":{"start":{"line":479,"column":2},"end":{"line":487,"column":3}},"169":{"start":{"line":480,"column":4},"end":{"line":480,"column":94}},"170":{"start":{"line":482,"column":4},"end":{"line":486,"column":6}},"171":{"start":{"line":489,"column":2},"end":{"line":493,"column":3}},"172":{"start":{"line":490,"column":4},"end":{"line":490,"column":94}},"173":{"start":{"line":492,"column":4},"end":{"line":492,"column":50}},"174":{"start":{"line":495,"column":2},"end":{"line":497,"column":3}},"175":{"start":{"line":496,"column":4},"end":{"line":496,"column":67}},"176":{"start":{"line":499,"column":2},"end":{"line":501,"column":3}},"177":{"start":{"line":500,"column":4},"end":{"line":500,"column":87}},"178":{"start":{"line":503,"column":2},"end":{"line":505,"column":3}},"179":{"start":{"line":504,"column":4},"end":{"line":504,"column":27}},"180":{"start":{"line":507,"column":2},"end":{"line":509,"column":3}},"181":{"start":{"line":508,"column":4},"end":{"line":508,"column":27}},"182":{"start":{"line":511,"column":2},"end":{"line":513,"column":3}},"183":{"start":{"line":512,"column":4},"end":{"line":512,"column":55}},"184":{"start":{"line":515,"column":2},"end":{"line":546,"column":3}},"185":{"start":{"line":516,"column":4},"end":{"line":516,"column":46}},"186":{"start":{"line":518,"column":4},"end":{"line":545,"column":5}},"187":{"start":{"line":519,"column":6},"end":{"line":519,"column":21}},"188":{"start":{"line":521,"column":6},"end":{"line":521,"column":18}},"189":{"start":{"line":522,"column":6},"end":{"line":524,"column":7}},"190":{"start":{"line":523,"column":8},"end":{"line":523,"column":12}},"191":{"start":{"line":526,"column":6},"end":{"line":526,"column":39}},"192":{"start":{"line":527,"column":6},"end":{"line":530,"column":8}},"193":{"start":{"line":532,"column":6},"end":{"line":541,"column":7}},"194":{"start":{"line":533,"column":8},"end":{"line":538,"column":9}},"195":{"start":{"line":534,"column":10},"end":{"line":534,"column":25}},"196":{"start":{"line":535,"column":10},"end":{"line":535,"column":29}},"197":{"start":{"line":537,"column":10},"end":{"line":537,"column":27}},"198":{"start":{"line":540,"column":8},"end":{"line":540,"column":12}},"199":{"start":{"line":543,"column":6},"end":{"line":543,"column":41}},"200":{"start":{"line":544,"column":6},"end":{"line":544,"column":21}},"201":{"start":{"line":548,"column":2},"end":{"line":564,"column":3}},"202":{"start":{"line":549,"column":4},"end":{"line":550,"column":56}},"203":{"start":{"line":552,"column":4},"end":{"line":563,"column":6}},"204":{"start":{"line":566,"column":2},"end":{"line":575,"column":3}},"205":{"start":{"line":567,"column":4},"end":{"line":567,"column":49}},"206":{"start":{"line":567,"column":40},"end":{"line":567,"column":47}},"207":{"start":{"line":569,"column":4},"end":{"line":572,"column":5}},"208":{"start":{"line":570,"column":6},"end":{"line":570,"column":35}},"209":{"start":{"line":571,"column":6},"end":{"line":571,"column":31}},"210":{"start":{"line":574,"column":4},"end":{"line":574,"column":39}},"211":{"start":{"line":577,"column":2},"end":{"line":579,"column":3}},"212":{"start":{"line":578,"column":4},"end":{"line":578,"column":62}},"213":{"start":{"line":581,"column":2},"end":{"line":588,"column":3}},"214":{"start":{"line":582,"column":4},"end":{"line":587,"column":6}},"215":{"start":{"line":590,"column":2},"end":{"line":650,"column":3}},"216":{"start":{"line":591,"column":4},"end":{"line":591,"column":31}},"217":{"start":{"line":593,"column":4},"end":{"line":593,"column":21}},"218":{"start":{"line":594,"column":4},"end":{"line":594,"column":22}},"219":{"start":{"line":595,"column":4},"end":{"line":597,"column":5}},"220":{"start":{"line":596,"column":6},"end":{"line":596,"column":16}},"221":{"start":{"line":598,"column":4},"end":{"line":647,"column":5}},"222":{"start":{"line":599,"column":6},"end":{"line":599,"column":40}},"223":{"start":{"line":600,"column":6},"end":{"line":602,"column":7}},"224":{"start":{"line":601,"column":8},"end":{"line":601,"column":48}},"225":{"start":{"line":603,"column":6},"end":{"line":643,"column":7}},"226":{"start":{"line":604,"column":8},"end":{"line":604,"column":25}},"227":{"start":{"line":605,"column":8},"end":{"line":605,"column":26}},"228":{"start":{"line":606,"column":8},"end":{"line":619,"column":9}},"229":{"start":{"line":607,"column":10},"end":{"line":607,"column":39}},"230":{"start":{"line":608,"column":10},"end":{"line":615,"column":11}},"231":{"start":{"line":609,"column":12},"end":{"line":609,"column":30}},"232":{"start":{"line":610,"column":12},"end":{"line":610,"column":32}},"233":{"start":{"line":611,"column":12},"end":{"line":611,"column":20}},"234":{"start":{"line":613,"column":12},"end":{"line":613,"column":29}},"235":{"start":{"line":614,"column":12},"end":{"line":614,"column":28}},"236":{"start":{"line":617,"column":10},"end":{"line":617,"column":27}},"237":{"start":{"line":618,"column":10},"end":{"line":618,"column":26}},"238":{"start":{"line":620,"column":8},"end":{"line":622,"column":9}},"239":{"start":{"line":621,"column":10},"end":{"line":621,"column":20}},"240":{"start":{"line":623,"column":8},"end":{"line":639,"column":9}},"241":{"start":{"line":624,"column":10},"end":{"line":624,"column":28}},"242":{"start":{"line":625,"column":10},"end":{"line":627,"column":11}},"243":{"start":{"line":626,"column":12},"end":{"line":626,"column":22}},"244":{"start":{"line":628,"column":10},"end":{"line":635,"column":11}},"245":{"start":{"line":629,"column":12},"end":{"line":629,"column":30}},"246":{"start":{"line":630,"column":12},"end":{"line":630,"column":32}},"247":{"start":{"line":631,"column":12},"end":{"line":631,"column":20}},"248":{"start":{"line":633,"column":12},"end":{"line":633,"column":29}},"249":{"start":{"line":634,"column":12},"end":{"line":634,"column":28}},"250":{"start":{"line":637,"column":10},"end":{"line":637,"column":27}},"251":{"start":{"line":638,"column":10},"end":{"line":638,"column":26}},"252":{"start":{"line":641,"column":8},"end":{"line":641,"column":25}},"253":{"start":{"line":642,"column":8},"end":{"line":642,"column":24}},"254":{"start":{"line":645,"column":6},"end":{"line":645,"column":23}},"255":{"start":{"line":646,"column":6},"end":{"line":646,"column":22}},"256":{"start":{"line":649,"column":4},"end":{"line":649,"column":14}},"257":{"start":{"line":652,"column":2},"end":{"line":688,"column":3}},"258":{"start":{"line":653,"column":4},"end":{"line":653,"column":23}},"259":{"start":{"line":655,"column":4},"end":{"line":655,"column":45}},"260":{"start":{"line":656,"column":4},"end":{"line":685,"column":5}},"261":{"start":{"line":657,"column":6},"end":{"line":657,"column":23}},"262":{"start":{"line":658,"column":6},"end":{"line":664,"column":7}},"263":{"start":{"line":659,"column":8},"end":{"line":659,"column":20}},"264":{"start":{"line":660,"column":8},"end":{"line":660,"column":25}},"265":{"start":{"line":662,"column":8},"end":{"line":662,"column":24}},"266":{"start":{"line":663,"column":8},"end":{"line":663,"column":56}},"267":{"start":{"line":663,"column":37},"end":{"line":663,"column":54}},"268":{"start":{"line":665,"column":6},"end":{"line":684,"column":7}},"269":{"start":{"line":666,"column":8},"end":{"line":666,"column":26}},"270":{"start":{"line":667,"column":8},"end":{"line":680,"column":9}},"271":{"start":{"line":668,"column":10},"end":{"line":668,"column":38}},"272":{"start":{"line":669,"column":10},"end":{"line":676,"column":11}},"273":{"start":{"line":670,"column":12},"end":{"line":670,"column":30}},"274":{"start":{"line":671,"column":12},"end":{"line":671,"column":28}},"275":{"start":{"line":672,"column":12},"end":{"line":672,"column":20}},"276":{"start":{"line":674,"column":12},"end":{"line":674,"column":29}},"277":{"start":{"line":675,"column":12},"end":{"line":675,"column":28}},"278":{"start":{"line":678,"column":10},"end":{"line":678,"column":27}},"279":{"start":{"line":679,"column":10},"end":{"line":679,"column":26}},"280":{"start":{"line":682,"column":8},"end":{"line":682,"column":25}},"281":{"start":{"line":683,"column":8},"end":{"line":683,"column":24}},"282":{"start":{"line":687,"column":4},"end":{"line":687,"column":14}},"283":{"start":{"line":690,"column":2},"end":{"line":723,"column":3}},"284":{"start":{"line":691,"column":4},"end":{"line":691,"column":23}},"285":{"start":{"line":693,"column":4},"end":{"line":693,"column":21}},"286":{"start":{"line":694,"column":4},"end":{"line":700,"column":5}},"287":{"start":{"line":695,"column":6},"end":{"line":695,"column":18}},"288":{"start":{"line":696,"column":6},"end":{"line":696,"column":23}},"289":{"start":{"line":698,"column":6},"end":{"line":698,"column":22}},"290":{"start":{"line":699,"column":6},"end":{"line":699,"column":54}},"291":{"start":{"line":699,"column":35},"end":{"line":699,"column":52}},"292":{"start":{"line":701,"column":4},"end":{"line":720,"column":5}},"293":{"start":{"line":702,"column":6},"end":{"line":702,"column":24}},"294":{"start":{"line":703,"column":6},"end":{"line":716,"column":7}},"295":{"start":{"line":704,"column":8},"end":{"line":704,"column":29}},"296":{"start":{"line":705,"column":8},"end":{"line":712,"column":9}},"297":{"start":{"line":706,"column":10},"end":{"line":706,"column":28}},"298":{"start":{"line":707,"column":10},"end":{"line":707,"column":26}},"299":{"start":{"line":708,"column":10},"end":{"line":708,"column":18}},"300":{"start":{"line":710,"column":10},"end":{"line":710,"column":27}},"301":{"start":{"line":711,"column":10},"end":{"line":711,"column":26}},"302":{"start":{"line":714,"column":8},"end":{"line":714,"column":25}},"303":{"start":{"line":715,"column":8},"end":{"line":715,"column":24}},"304":{"start":{"line":718,"column":6},"end":{"line":718,"column":23}},"305":{"start":{"line":719,"column":6},"end":{"line":719,"column":22}},"306":{"start":{"line":722,"column":4},"end":{"line":722,"column":14}},"307":{"start":{"line":725,"column":2},"end":{"line":815,"column":3}},"308":{"start":{"line":726,"column":4},"end":{"line":726,"column":47}},"309":{"start":{"line":728,"column":4},"end":{"line":728,"column":21}},"310":{"start":{"line":729,"column":4},"end":{"line":729,"column":27}},"311":{"start":{"line":730,"column":4},"end":{"line":812,"column":5}},"312":{"start":{"line":731,"column":6},"end":{"line":731,"column":24}},"313":{"start":{"line":732,"column":6},"end":{"line":808,"column":7}},"314":{"start":{"line":733,"column":8},"end":{"line":733,"column":29}},"315":{"start":{"line":734,"column":8},"end":{"line":804,"column":9}},"316":{"start":{"line":735,"column":10},"end":{"line":741,"column":11}},"317":{"start":{"line":736,"column":12},"end":{"line":736,"column":24}},"318":{"start":{"line":737,"column":12},"end":{"line":737,"column":26}},"319":{"start":{"line":739,"column":12},"end":{"line":739,"column":28}},"320":{"start":{"line":740,"column":12},"end":{"line":740,"column":60}},"321":{"start":{"line":740,"column":41},"end":{"line":740,"column":58}},"322":{"start":{"line":742,"column":10},"end":{"line":800,"column":11}},"323":{"start":{"line":743,"column":12},"end":{"line":743,"column":29}},"324":{"start":{"line":744,"column":12},"end":{"line":744,"column":30}},"325":{"start":{"line":745,"column":12},"end":{"line":785,"column":13}},"326":{"start":{"line":746,"column":14},"end":{"line":752,"column":15}},"327":{"start":{"line":747,"column":16},"end":{"line":747,"column":28}},"328":{"start":{"line":748,"column":16},"end":{"line":748,"column":33}},"329":{"start":{"line":750,"column":16},"end":{"line":750,"column":32}},"330":{"start":{"line":751,"column":16},"end":{"line":751,"column":64}},"331":{"start":{"line":751,"column":45},"end":{"line":751,"column":62}},"332":{"start":{"line":753,"column":14},"end":{"line":761,"column":15}},"333":{"start":{"line":754,"column":16},"end":{"line":760,"column":17}},"334":{"start":{"line":755,"column":18},"end":{"line":755,"column":31}},"335":{"start":{"line":756,"column":18},"end":{"line":756,"column":32}},"336":{"start":{"line":758,"column":18},"end":{"line":758,"column":34}},"337":{"start":{"line":759,"column":18},"end":{"line":759,"column":67}},"338":{"start":{"line":759,"column":47},"end":{"line":759,"column":65}},"339":{"start":{"line":762,"column":14},"end":{"line":781,"column":15}},"340":{"start":{"line":763,"column":16},"end":{"line":763,"column":34}},"341":{"start":{"line":764,"column":16},"end":{"line":777,"column":17}},"342":{"start":{"line":765,"column":18},"end":{"line":765,"column":46}},"343":{"start":{"line":766,"column":18},"end":{"line":773,"column":19}},"344":{"start":{"line":767,"column":20},"end":{"line":767,"column":38}},"345":{"start":{"line":768,"column":20},"end":{"line":768,"column":45}},"346":{"start":{"line":769,"column":20},"end":{"line":769,"column":28}},"347":{"start":{"line":771,"column":20},"end":{"line":771,"column":37}},"348":{"start":{"line":772,"column":20},"end":{"line":772,"column":36}},"349":{"start":{"line":775,"column":18},"end":{"line":775,"column":35}},"350":{"start":{"line":776,"column":18},"end":{"line":776,"column":34}},"351":{"start":{"line":779,"column":16},"end":{"line":779,"column":33}},"352":{"start":{"line":780,"column":16},"end":{"line":780,"column":32}},"353":{"start":{"line":783,"column":14},"end":{"line":783,"column":31}},"354":{"start":{"line":784,"column":14},"end":{"line":784,"column":30}},"355":{"start":{"line":786,"column":12},"end":{"line":788,"column":13}},"356":{"start":{"line":787,"column":14},"end":{"line":787,"column":24}},"357":{"start":{"line":789,"column":12},"end":{"line":796,"column":13}},"358":{"start":{"line":790,"column":14},"end":{"line":790,"column":32}},"359":{"start":{"line":791,"column":14},"end":{"line":791,"column":39}},"360":{"start":{"line":792,"column":14},"end":{"line":792,"column":22}},"361":{"start":{"line":794,"column":14},"end":{"line":794,"column":31}},"362":{"start":{"line":795,"column":14},"end":{"line":795,"column":30}},"363":{"start":{"line":798,"column":12},"end":{"line":798,"column":29}},"364":{"start":{"line":799,"column":12},"end":{"line":799,"column":28}},"365":{"start":{"line":802,"column":10},"end":{"line":802,"column":27}},"366":{"start":{"line":803,"column":10},"end":{"line":803,"column":26}},"367":{"start":{"line":806,"column":8},"end":{"line":806,"column":25}},"368":{"start":{"line":807,"column":8},"end":{"line":807,"column":24}},"369":{"start":{"line":810,"column":6},"end":{"line":810,"column":23}},"370":{"start":{"line":811,"column":6},"end":{"line":811,"column":22}},"371":{"start":{"line":814,"column":4},"end":{"line":814,"column":14}},"372":{"start":{"line":817,"column":2},"end":{"line":877,"column":3}},"373":{"start":{"line":818,"column":4},"end":{"line":818,"column":31}},"374":{"start":{"line":820,"column":4},"end":{"line":820,"column":21}},"375":{"start":{"line":821,"column":4},"end":{"line":827,"column":5}},"376":{"start":{"line":822,"column":6},"end":{"line":822,"column":18}},"377":{"start":{"line":823,"column":6},"end":{"line":823,"column":23}},"378":{"start":{"line":825,"column":6},"end":{"line":825,"column":22}},"379":{"start":{"line":826,"column":6},"end":{"line":826,"column":54}},"380":{"start":{"line":826,"column":35},"end":{"line":826,"column":52}},"381":{"start":{"line":828,"column":4},"end":{"line":874,"column":5}},"382":{"start":{"line":829,"column":6},"end":{"line":829,"column":24}},"383":{"start":{"line":830,"column":6},"end":{"line":870,"column":7}},"384":{"start":{"line":831,"column":8},"end":{"line":831,"column":25}},"385":{"start":{"line":832,"column":8},"end":{"line":832,"column":39}},"386":{"start":{"line":833,"column":8},"end":{"line":846,"column":9}},"387":{"start":{"line":834,"column":10},"end":{"line":834,"column":28}},"388":{"start":{"line":835,"column":10},"end":{"line":842,"column":11}},"389":{"start":{"line":836,"column":12},"end":{"line":836,"column":30}},"390":{"start":{"line":837,"column":12},"end":{"line":837,"column":29}},"391":{"start":{"line":838,"column":12},"end":{"line":838,"column":20}},"392":{"start":{"line":840,"column":12},"end":{"line":840,"column":29}},"393":{"start":{"line":841,"column":12},"end":{"line":841,"column":28}},"394":{"start":{"line":844,"column":10},"end":{"line":844,"column":27}},"395":{"start":{"line":845,"column":10},"end":{"line":845,"column":26}},"396":{"start":{"line":847,"column":8},"end":{"line":849,"column":9}},"397":{"start":{"line":848,"column":10},"end":{"line":848,"column":20}},"398":{"start":{"line":850,"column":8},"end":{"line":866,"column":9}},"399":{"start":{"line":851,"column":10},"end":{"line":851,"column":40}},"400":{"start":{"line":852,"column":10},"end":{"line":854,"column":11}},"401":{"start":{"line":853,"column":12},"end":{"line":853,"column":44}},"402":{"start":{"line":855,"column":10},"end":{"line":862,"column":11}},"403":{"start":{"line":856,"column":12},"end":{"line":856,"column":30}},"404":{"start":{"line":857,"column":12},"end":{"line":857,"column":33}},"405":{"start":{"line":858,"column":12},"end":{"line":858,"column":20}},"406":{"start":{"line":860,"column":12},"end":{"line":860,"column":29}},"407":{"start":{"line":861,"column":12},"end":{"line":861,"column":28}},"408":{"start":{"line":864,"column":10},"end":{"line":864,"column":27}},"409":{"start":{"line":865,"column":10},"end":{"line":865,"column":26}},"410":{"start":{"line":868,"column":8},"end":{"line":868,"column":25}},"411":{"start":{"line":869,"column":8},"end":{"line":869,"column":24}},"412":{"start":{"line":872,"column":6},"end":{"line":872,"column":23}},"413":{"start":{"line":873,"column":6},"end":{"line":873,"column":22}},"414":{"start":{"line":876,"column":4},"end":{"line":876,"column":14}},"415":{"start":{"line":879,"column":2},"end":{"line":894,"column":3}},"416":{"start":{"line":880,"column":4},"end":{"line":880,"column":15}},"417":{"start":{"line":882,"column":4},"end":{"line":882,"column":21}},"418":{"start":{"line":883,"column":4},"end":{"line":883,"column":36}},"419":{"start":{"line":884,"column":4},"end":{"line":887,"column":5}},"420":{"start":{"line":885,"column":6},"end":{"line":885,"column":24}},"421":{"start":{"line":886,"column":6},"end":{"line":886,"column":23}},"422":{"start":{"line":888,"column":4},"end":{"line":888,"column":12}},"423":{"start":{"line":889,"column":4},"end":{"line":891,"column":5}},"424":{"start":{"line":890,"column":6},"end":{"line":890,"column":36}},"425":{"start":{"line":893,"column":4},"end":{"line":893,"column":14}},"426":{"start":{"line":896,"column":2},"end":{"line":944,"column":3}},"427":{"start":{"line":897,"column":4},"end":{"line":897,"column":27}},"428":{"start":{"line":899,"column":4},"end":{"line":899,"column":21}},"429":{"start":{"line":900,"column":4},"end":{"line":900,"column":32}},"430":{"start":{"line":901,"column":4},"end":{"line":932,"column":5}},"431":{"start":{"line":902,"column":6},"end":{"line":902,"column":23}},"432":{"start":{"line":903,"column":6},"end":{"line":903,"column":24}},"433":{"start":{"line":904,"column":6},"end":{"line":917,"column":7}},"434":{"start":{"line":905,"column":8},"end":{"line":905,"column":34}},"435":{"start":{"line":906,"column":8},"end":{"line":913,"column":9}},"436":{"start":{"line":907,"column":10},"end":{"line":907,"column":28}},"437":{"start":{"line":908,"column":10},"end":{"line":908,"column":31}},"438":{"start":{"line":909,"column":10},"end":{"line":909,"column":18}},"439":{"start":{"line":911,"column":10},"end":{"line":911,"column":27}},"440":{"start":{"line":912,"column":10},"end":{"line":912,"column":26}},"441":{"start":{"line":915,"column":8},"end":{"line":915,"column":25}},"442":{"start":{"line":916,"column":8},"end":{"line":916,"column":24}},"443":{"start":{"line":918,"column":6},"end":{"line":920,"column":7}},"444":{"start":{"line":919,"column":8},"end":{"line":919,"column":18}},"445":{"start":{"line":921,"column":6},"end":{"line":928,"column":7}},"446":{"start":{"line":922,"column":8},"end":{"line":922,"column":26}},"447":{"start":{"line":923,"column":8},"end":{"line":923,"column":29}},"448":{"start":{"line":924,"column":8},"end":{"line":924,"column":16}},"449":{"start":{"line":926,"column":8},"end":{"line":926,"column":25}},"450":{"start":{"line":927,"column":8},"end":{"line":927,"column":24}},"451":{"start":{"line":930,"column":6},"end":{"line":930,"column":23}},"452":{"start":{"line":931,"column":6},"end":{"line":931,"column":22}},"453":{"start":{"line":933,"column":4},"end":{"line":941,"column":5}},"454":{"start":{"line":934,"column":6},"end":{"line":934,"column":23}},"455":{"start":{"line":935,"column":6},"end":{"line":935,"column":35}},"456":{"start":{"line":936,"column":6},"end":{"line":939,"column":7}},"457":{"start":{"line":937,"column":8},"end":{"line":937,"column":26}},"458":{"start":{"line":938,"column":8},"end":{"line":938,"column":25}},"459":{"start":{"line":940,"column":6},"end":{"line":940,"column":14}},"460":{"start":{"line":943,"column":4},"end":{"line":943,"column":14}},"461":{"start":{"line":946,"column":2},"end":{"line":979,"column":3}},"462":{"start":{"line":947,"column":4},"end":{"line":947,"column":23}},"463":{"start":{"line":949,"column":4},"end":{"line":949,"column":21}},"464":{"start":{"line":950,"column":4},"end":{"line":956,"column":5}},"465":{"start":{"line":951,"column":6},"end":{"line":951,"column":19}},"466":{"start":{"line":952,"column":6},"end":{"line":952,"column":23}},"467":{"start":{"line":954,"column":6},"end":{"line":954,"column":22}},"468":{"start":{"line":955,"column":6},"end":{"line":955,"column":55}},"469":{"start":{"line":955,"column":35},"end":{"line":955,"column":53}},"470":{"start":{"line":957,"column":4},"end":{"line":976,"column":5}},"471":{"start":{"line":958,"column":6},"end":{"line":958,"column":24}},"472":{"start":{"line":959,"column":6},"end":{"line":972,"column":7}},"473":{"start":{"line":960,"column":8},"end":{"line":960,"column":36}},"474":{"start":{"line":961,"column":8},"end":{"line":968,"column":9}},"475":{"start":{"line":962,"column":10},"end":{"line":962,"column":28}},"476":{"start":{"line":963,"column":10},"end":{"line":963,"column":27}},"477":{"start":{"line":964,"column":10},"end":{"line":964,"column":18}},"478":{"start":{"line":966,"column":10},"end":{"line":966,"column":27}},"479":{"start":{"line":967,"column":10},"end":{"line":967,"column":26}},"480":{"start":{"line":970,"column":8},"end":{"line":970,"column":25}},"481":{"start":{"line":971,"column":8},"end":{"line":971,"column":24}},"482":{"start":{"line":974,"column":6},"end":{"line":974,"column":23}},"483":{"start":{"line":975,"column":6},"end":{"line":975,"column":22}},"484":{"start":{"line":978,"column":4},"end":{"line":978,"column":14}},"485":{"start":{"line":981,"column":2},"end":{"line":1014,"column":3}},"486":{"start":{"line":982,"column":4},"end":{"line":982,"column":23}},"487":{"start":{"line":984,"column":4},"end":{"line":984,"column":21}},"488":{"start":{"line":985,"column":4},"end":{"line":991,"column":5}},"489":{"start":{"line":986,"column":6},"end":{"line":986,"column":19}},"490":{"start":{"line":987,"column":6},"end":{"line":987,"column":23}},"491":{"start":{"line":989,"column":6},"end":{"line":989,"column":22}},"492":{"start":{"line":990,"column":6},"end":{"line":990,"column":55}},"493":{"start":{"line":990,"column":35},"end":{"line":990,"column":53}},"494":{"start":{"line":992,"column":4},"end":{"line":1011,"column":5}},"495":{"start":{"line":993,"column":6},"end":{"line":993,"column":24}},"496":{"start":{"line":994,"column":6},"end":{"line":1007,"column":7}},"497":{"start":{"line":995,"column":8},"end":{"line":995,"column":36}},"498":{"start":{"line":996,"column":8},"end":{"line":1003,"column":9}},"499":{"start":{"line":997,"column":10},"end":{"line":997,"column":28}},"500":{"start":{"line":998,"column":10},"end":{"line":998,"column":27}},"501":{"start":{"line":999,"column":10},"end":{"line":999,"column":18}},"502":{"start":{"line":1001,"column":10},"end":{"line":1001,"column":27}},"503":{"start":{"line":1002,"column":10},"end":{"line":1002,"column":26}},"504":{"start":{"line":1005,"column":8},"end":{"line":1005,"column":25}},"505":{"start":{"line":1006,"column":8},"end":{"line":1006,"column":24}},"506":{"start":{"line":1009,"column":6},"end":{"line":1009,"column":23}},"507":{"start":{"line":1010,"column":6},"end":{"line":1010,"column":22}},"508":{"start":{"line":1013,"column":4},"end":{"line":1013,"column":14}},"509":{"start":{"line":1016,"column":2},"end":{"line":1049,"column":3}},"510":{"start":{"line":1017,"column":4},"end":{"line":1017,"column":23}},"511":{"start":{"line":1019,"column":4},"end":{"line":1019,"column":21}},"512":{"start":{"line":1020,"column":4},"end":{"line":1026,"column":5}},"513":{"start":{"line":1021,"column":6},"end":{"line":1021,"column":19}},"514":{"start":{"line":1022,"column":6},"end":{"line":1022,"column":23}},"515":{"start":{"line":1024,"column":6},"end":{"line":1024,"column":22}},"516":{"start":{"line":1025,"column":6},"end":{"line":1025,"column":55}},"517":{"start":{"line":1025,"column":35},"end":{"line":1025,"column":53}},"518":{"start":{"line":1027,"column":4},"end":{"line":1046,"column":5}},"519":{"start":{"line":1028,"column":6},"end":{"line":1028,"column":24}},"520":{"start":{"line":1029,"column":6},"end":{"line":1042,"column":7}},"521":{"start":{"line":1030,"column":8},"end":{"line":1030,"column":36}},"522":{"start":{"line":1031,"column":8},"end":{"line":1038,"column":9}},"523":{"start":{"line":1032,"column":10},"end":{"line":1032,"column":28}},"524":{"start":{"line":1033,"column":10},"end":{"line":1033,"column":27}},"525":{"start":{"line":1034,"column":10},"end":{"line":1034,"column":18}},"526":{"start":{"line":1036,"column":10},"end":{"line":1036,"column":27}},"527":{"start":{"line":1037,"column":10},"end":{"line":1037,"column":26}},"528":{"start":{"line":1040,"column":8},"end":{"line":1040,"column":25}},"529":{"start":{"line":1041,"column":8},"end":{"line":1041,"column":24}},"530":{"start":{"line":1044,"column":6},"end":{"line":1044,"column":23}},"531":{"start":{"line":1045,"column":6},"end":{"line":1045,"column":22}},"532":{"start":{"line":1048,"column":4},"end":{"line":1048,"column":14}},"533":{"start":{"line":1051,"column":2},"end":{"line":1294,"column":3}},"534":{"start":{"line":1052,"column":4},"end":{"line":1052,"column":43}},"535":{"start":{"line":1054,"column":4},"end":{"line":1054,"column":32}},"536":{"start":{"line":1055,"column":4},"end":{"line":1291,"column":5}},"537":{"start":{"line":1056,"column":6},"end":{"line":1056,"column":37}},"538":{"start":{"line":1057,"column":6},"end":{"line":1290,"column":7}},"539":{"start":{"line":1058,"column":8},"end":{"line":1058,"column":25}},"540":{"start":{"line":1059,"column":8},"end":{"line":1065,"column":9}},"541":{"start":{"line":1060,"column":10},"end":{"line":1060,"column":23}},"542":{"start":{"line":1061,"column":10},"end":{"line":1061,"column":27}},"543":{"start":{"line":1063,"column":10},"end":{"line":1063,"column":26}},"544":{"start":{"line":1064,"column":10},"end":{"line":1064,"column":59}},"545":{"start":{"line":1064,"column":39},"end":{"line":1064,"column":57}},"546":{"start":{"line":1066,"column":8},"end":{"line":1121,"column":9}},"547":{"start":{"line":1067,"column":10},"end":{"line":1067,"column":28}},"548":{"start":{"line":1068,"column":10},"end":{"line":1117,"column":11}},"549":{"start":{"line":1069,"column":12},"end":{"line":1069,"column":43}},"550":{"start":{"line":1070,"column":12},"end":{"line":1113,"column":13}},"551":{"start":{"line":1071,"column":14},"end":{"line":1071,"column":32}},"552":{"start":{"line":1072,"column":14},"end":{"line":1109,"column":15}},"553":{"start":{"line":1073,"column":16},"end":{"line":1073,"column":37}},"554":{"start":{"line":1074,"column":16},"end":{"line":1105,"column":17}},"555":{"start":{"line":1075,"column":18},"end":{"line":1075,"column":35}},"556":{"start":{"line":1076,"column":18},"end":{"line":1076,"column":36}},"557":{"start":{"line":1077,"column":18},"end":{"line":1090,"column":19}},"558":{"start":{"line":1078,"column":20},"end":{"line":1078,"column":46}},"559":{"start":{"line":1079,"column":20},"end":{"line":1086,"column":21}},"560":{"start":{"line":1080,"column":22},"end":{"line":1080,"column":40}},"561":{"start":{"line":1081,"column":22},"end":{"line":1081,"column":47}},"562":{"start":{"line":1082,"column":22},"end":{"line":1082,"column":30}},"563":{"start":{"line":1084,"column":22},"end":{"line":1084,"column":39}},"564":{"start":{"line":1085,"column":22},"end":{"line":1085,"column":38}},"565":{"start":{"line":1088,"column":20},"end":{"line":1088,"column":37}},"566":{"start":{"line":1089,"column":20},"end":{"line":1089,"column":36}},"567":{"start":{"line":1091,"column":18},"end":{"line":1093,"column":19}},"568":{"start":{"line":1092,"column":20},"end":{"line":1092,"column":30}},"569":{"start":{"line":1094,"column":18},"end":{"line":1101,"column":19}},"570":{"start":{"line":1095,"column":20},"end":{"line":1095,"column":38}},"571":{"start":{"line":1096,"column":20},"end":{"line":1096,"column":45}},"572":{"start":{"line":1097,"column":20},"end":{"line":1097,"column":28}},"573":{"start":{"line":1099,"column":20},"end":{"line":1099,"column":37}},"574":{"start":{"line":1100,"column":20},"end":{"line":1100,"column":36}},"575":{"start":{"line":1103,"column":18},"end":{"line":1103,"column":35}},"576":{"start":{"line":1104,"column":18},"end":{"line":1104,"column":34}},"577":{"start":{"line":1107,"column":16},"end":{"line":1107,"column":33}},"578":{"start":{"line":1108,"column":16},"end":{"line":1108,"column":32}},"579":{"start":{"line":1111,"column":14},"end":{"line":1111,"column":31}},"580":{"start":{"line":1112,"column":14},"end":{"line":1112,"column":30}},"581":{"start":{"line":1115,"column":12},"end":{"line":1115,"column":29}},"582":{"start":{"line":1116,"column":12},"end":{"line":1116,"column":28}},"583":{"start":{"line":1119,"column":10},"end":{"line":1119,"column":27}},"584":{"start":{"line":1120,"column":10},"end":{"line":1120,"column":26}},"585":{"start":{"line":1122,"column":8},"end":{"line":1289,"column":9}},"586":{"start":{"line":1123,"column":10},"end":{"line":1123,"column":27}},"587":{"start":{"line":1124,"column":10},"end":{"line":1124,"column":31}},"588":{"start":{"line":1125,"column":10},"end":{"line":1168,"column":11}},"589":{"start":{"line":1126,"column":12},"end":{"line":1126,"column":30}},"590":{"start":{"line":1127,"column":12},"end":{"line":1164,"column":13}},"591":{"start":{"line":1128,"column":14},"end":{"line":1128,"column":37}},"592":{"start":{"line":1129,"column":14},"end":{"line":1160,"column":15}},"593":{"start":{"line":1130,"column":16},"end":{"line":1130,"column":33}},"594":{"start":{"line":1131,"column":16},"end":{"line":1131,"column":34}},"595":{"start":{"line":1132,"column":16},"end":{"line":1145,"column":17}},"596":{"start":{"line":1133,"column":18},"end":{"line":1133,"column":44}},"597":{"start":{"line":1134,"column":18},"end":{"line":1141,"column":19}},"598":{"start":{"line":1135,"column":20},"end":{"line":1135,"column":38}},"599":{"start":{"line":1136,"column":20},"end":{"line":1136,"column":45}},"600":{"start":{"line":1137,"column":20},"end":{"line":1137,"column":28}},"601":{"start":{"line":1139,"column":20},"end":{"line":1139,"column":37}},"602":{"start":{"line":1140,"column":20},"end":{"line":1140,"column":36}},"603":{"start":{"line":1143,"column":18},"end":{"line":1143,"column":35}},"604":{"start":{"line":1144,"column":18},"end":{"line":1144,"column":34}},"605":{"start":{"line":1146,"column":16},"end":{"line":1148,"column":17}},"606":{"start":{"line":1147,"column":18},"end":{"line":1147,"column":28}},"607":{"start":{"line":1149,"column":16},"end":{"line":1156,"column":17}},"608":{"start":{"line":1150,"column":18},"end":{"line":1150,"column":36}},"609":{"start":{"line":1151,"column":18},"end":{"line":1151,"column":43}},"610":{"start":{"line":1152,"column":18},"end":{"line":1152,"column":26}},"611":{"start":{"line":1154,"column":18},"end":{"line":1154,"column":35}},"612":{"start":{"line":1155,"column":18},"end":{"line":1155,"column":34}},"613":{"start":{"line":1158,"column":16},"end":{"line":1158,"column":33}},"614":{"start":{"line":1159,"column":16},"end":{"line":1159,"column":32}},"615":{"start":{"line":1162,"column":14},"end":{"line":1162,"column":31}},"616":{"start":{"line":1163,"column":14},"end":{"line":1163,"column":30}},"617":{"start":{"line":1166,"column":12},"end":{"line":1166,"column":29}},"618":{"start":{"line":1167,"column":12},"end":{"line":1167,"column":28}},"619":{"start":{"line":1169,"column":10},"end":{"line":1288,"column":11}},"620":{"start":{"line":1170,"column":12},"end":{"line":1170,"column":29}},
[...]
start":{"line":2145,"column":34},"end":{"line":2145,"column":34}}]},"348":{"line":2147,"type":"if","locations":[{"start":{"line":2147,"column":36},"end":{"line":2147,"column":36}},{"start":{"line":2147,"column":36},"end":{"line":2147,"column":36}}]},"349":{"line":2152,"type":"if","locations":[{"start":{"line":2152,"column":38},"end":{"line":2152,"column":38}},{"start":{"line":2152,"column":38},"end":{"line":2152,"column":38}}]},"350":{"line":2154,"type":"if","locations":[{"start":{"line":2154,"column":36},"end":{"line":2154,"column":36}},{"start":{"line":2154,"column":36},"end":{"line":2154,"column":36}}]},"351":{"line":2159,"type":"if","locations":[{"start":{"line":2159,"column":36},"end":{"line":2159,"column":36}},{"start":{"line":2159,"column":36},"end":{"line":2159,"column":36}}]},"352":{"line":2161,"type":"if","locations":[{"start":{"line":2161,"column":38},"end":{"line":2161,"column":38}},{"start":{"line":2161,"column":38},"end":{"line":2161,"column":38}}]},"353":{"line":2166,"type":"if","locations":[{"start":{"line":2166,"column":40},"end":{"line":2166,"column":40}},{"start":{"line":2166,"column":40},"end":{"line":2166,"column":40}}]},"354":{"line":2168,"type":"if","locations":[{"start":{"line":2168,"column":38},"end":{"line":2168,"column":38}},{"start":{"line":2168,"column":38},"end":{"line":2168,"column":38}}]},"355":{"line":2173,"type":"if","locations":[{"start":{"line":2173,"column":38},"end":{"line":2173,"column":38}},{"start":{"line":2173,"column":38},"end":{"line":2173,"column":38}}]},"356":{"line":2175,"type":"if","locations":[{"start":{"line":2175,"column":40},"end":{"line":2175,"column":40}},{"start":{"line":2175,"column":40},"end":{"line":2175,"column":40}}]},"357":{"line":2180,"type":"if","locations":[{"start":{"line":2180,"column":42},"end":{"line":2180,"column":42}},{"start":{"line":2180,"column":42},"end":{"line":2180,"column":42}}]},"358":{"line":2182,"type":"if","locations":[{"start":{"line":2182,"column":40},"end":{"line":2182,"column":40}},{"start":{"line":2182,"column":40},"end":{"line":2182,"column":40}}]},"359":{"line":2187,"type":"if","locations":[{"start":{"line":2187,"column":40},"end":{"line":2187,"column":40}},{"start":{"line":2187,"column":40},"end":{"line":2187,"column":40}}]},"360":{"line":2189,"type":"if","locations":[{"start":{"line":2189,"column":42},"end":{"line":2189,"column":42}},{"start":{"line":2189,"column":42},"end":{"line":2189,"column":42}}]},"361":{"line":2194,"type":"if","locations":[{"start":{"line":2194,"column":44},"end":{"line":2194,"column":44}},{"start":{"line":2194,"column":44},"end":{"line":2194,"column":44}}]},"362":{"line":2196,"type":"if","locations":[{"start":{"line":2196,"column":42},"end":{"line":2196,"column":42}},{"start":{"line":2196,"column":42},"end":{"line":2196,"column":42}}]},"363":{"line":2201,"type":"if","locations":[{"start":{"line":2201,"column":42},"end":{"line":2201,"column":42}},{"start":{"line":2201,"column":42},"end":{"line":2201,"column":42}}]},"364":{"line":2203,"type":"if","locations":[{"start":{"line":2203,"column":44},"end":{"line":2203,"column":44}},{"start":{"line":2203,"column":44},"end":{"line":2203,"column":44}}]},"365":{"line":2208,"type":"if","locations":[{"start":{"line":2208,"column":46},"end":{"line":2208,"column":46}},{"start":{"line":2208,"column":46},"end":{"line":2208,"column":46}}]},"366":{"line":2210,"type":"if","locations":[{"start":{"line":2210,"column":44},"end":{"line":2210,"column":44}},{"start":{"line":2210,"column":44},"end":{"line":2210,"column":44}}]},"367":{"line":2215,"type":"if","locations":[{"start":{"line":2215,"column":44},"end":{"line":2215,"column":44}},{"start":{"line":2215,"column":44},"end":{"line":2215,"column":44}}]},"368":{"line":2217,"type":"if","locations":[{"start":{"line":2217,"column":46},"end":{"line":2217,"column":46}},{"start":{"line":2217,"column":46},"end":{"line":2217,"column":46}}]},"369":{"line":2222,"type":"if","locations":[{"start":{"line":2222,"column":48},"end":{"line":2222,"column":48}},{"start":{"line":2222,"column":48},"end":{"line":2222,"column":48}}]},"370":{"line":2224,"type":"if","locations":[{"start":{"line":2224,"column":46},"end":{"line":2224,"column":46}},{"start":{"line":2224,"column":46},"end":{"line":2224,"column":46}}]},"371":{"line":2229,"type":"if","locations":[{"start":{"line":2229,"column":46},"end":{"line":2229,"column":46}},{"start":{"line":2229,"column":46},"end":{"line":2229,"column":46}}]},"372":{"line":2231,"type":"if","locations":[{"start":{"line":2231,"column":48},"end":{"line":2231,"column":48}},{"start":{"line":2231,"column":48},"end":{"line":2231,"column":48}}]},"373":{"line":2236,"type":"if","locations":[{"start":{"line":2236,"column":50},"end":{"line":2236,"column":50}},{"start":{"line":2236,"column":50},"end":{"line":2236,"column":50}}]},"374":{"line":2238,"type":"if","locations":[{"start":{"line":2238,"column":48},"end":{"line":2238,"column":48}},{"start":{"line":2238,"column":48},"end":{"line":2238,"column":48}}]},"375":{"line":2243,"type":"if","locations":[{"start":{"line":2243,"column":48},"end":{"line":2243,"column":48}},{"start":{"line":2243,"column":48},"end":{"line":2243,"column":48}}]},"376":{"line":2245,"type":"if","locations":[{"start":{"line":2245,"column":50},"end":{"line":2245,"column":50}},{"start":{"line":2245,"column":50},"end":{"line":2245,"column":50}}]},"377":{"line":2250,"type":"if","locations":[{"start":{"line":2250,"column":52},"end":{"line":2250,"column":52}},{"start":{"line":2250,"column":52},"end":{"line":2250,"column":52}}]},"378":{"line":2252,"type":"if","locations":[{"start":{"line":2252,"column":50},"end":{"line":2252,"column":50}},{"start":{"line":2252,"column":50},"end":{"line":2252,"column":50}}]},"379":{"line":2288,"type":"if","locations":[{"start":{"line":2288,"column":4},"end":{"line":2288,"column":4}},{"start":{"line":2288,"column":4},"end":{"line":2288,"column":4}}]},"380":{"line":2293,"type":"if","locations":[{"start":{"line":2293,"column":6},"end":{"line":2293,"column":6}},{"start":{"line":2293,"column":6},"end":{"line":2293,"column":6}}]},"381":{"line":2295,"type":"if","locations":[{"start":{"line":2295,"column":4},"end":{"line":2295,"column":4}},{"start":{"line":2295,"column":4},"end":{"line":2295,"column":4}}]},"382":{"line":2300,"type":"if","locations":[{"start":{"line":2300,"column":4},"end":{"line":2300,"column":4}},{"start":{"line":2300,"column":4},"end":{"line":2300,"column":4}}]},"383":{"line":2302,"type":"if","locations":[{"start":{"line":2302,"column":6},"end":{"line":2302,"column":6}},{"start":{"line":2302,"column":6},"end":{"line":2302,"column":6}}]},"384":{"line":2307,"type":"if","locations":[{"start":{"line":2307,"column":8},"end":{"line":2307,"column":8}},{"start":{"line":2307,"column":8},"end":{"line":2307,"column":8}}]},"385":{"line":2309,"type":"if","locations":[{"start":{"line":2309,"column":6},"end":{"line":2309,"column":6}},{"start":{"line":2309,"column":6},"end":{"line":2309,"column":6}}]},"386":{"line":2314,"type":"if","locations":[{"start":{"line":2314,"column":6},"end":{"line":2314,"column":6}},{"start":{"line":2314,"column":6},"end":{"line":2314,"column":6}}]},"387":{"line":2316,"type":"if","locations":[{"start":{"line":2316,"column":8},"end":{"line":2316,"column":8}},{"start":{"line":2316,"column":8},"end":{"line":2316,"column":8}}]},"388":{"line":2321,"type":"if","locations":[{"start":{"line":2321,"column":10},"end":{"line":2321,"column":10}},{"start":{"line":2321,"column":10},"end":{"line":2321,"column":10}}]},"389":{"line":2323,"type":"if","locations":[{"start":{"line":2323,"column":8},"end":{"line":2323,"column":8}},{"start":{"line":2323,"column":8},"end":{"line":2323,"column":8}}]},"390":{"line":2328,"type":"if","locations":[{"start":{"line":2328,"column":8},"end":{"line":2328,"column":8}},{"start":{"line":2328,"column":8},"end":{"line":2328,"column":8}}]},"391":{"line":2330,"type":"if","locations":[{"start":{"line":2330,"column":10},"end":{"line":2330,"column":10}},{"start":{"line":2330,"column":10},"end":{"line":2330,"column":10}}]},"392":{"line":2335,"type":"if","locations":[{"start":{"line":2335,"column":12},"end":{"line":2335,"column":12}},{"start":{"line":2335,"column":12},"end":{"line":2335,"column":12}}]},"393":{"line":2337,"type":"if","locations":[{"start":{"line":2337,"column":10},"end":{"line":2337,"column":10}},{"start":{"line":2337,"column":10},"end":{"line":2337,"column":10}}]},"394":{"line":2342,"type":"if","locations":[{"start":{"line":2342,"column":10},"end":{"line":2342,"column":10}},{"start":{"line":2342,"column":10},"end":{"line":2342,"column":10}}]},"395":{"line":2344,"type":"if","locations":[{"start":{"line":2344,"column":12},"end":{"line":2344,"column":12}},{"start":{"line":2344,"column":12},"end":{"line":2344,"column":12}}]},"396":{"line":2349,"type":"if","locations":[{"start":{"line":2349,"column":14},"end":{"line":2349,"column":14}},{"start":{"line":2349,"column":14},"end":{"line":2349,"column":14}}]},"397":{"line":2351,"type":"if","locations":[{"start":{"line":2351,"column":12},"end":{"line":2351,"column":12}},{"start":{"line":2351,"column":12},"end":{"line":2351,"column":12}}]},"398":{"line":2356,"type":"if","locations":[{"start":{"line":2356,"column":12},"end":{"line":2356,"column":12}},{"start":{"line":2356,"column":12},"end":{"line":2356,"column":12}}]},"399":{"line":2358,"type":"if","locations":[{"start":{"line":2358,"column":14},"end":{"line":2358,"column":14}},{"start":{"line":2358,"column":14},"end":{"line":2358,"column":14}}]},"400":{"line":2363,"type":"if","locations":[{"start":{"line":2363,"column":16},"end":{"line":2363,"column":16}},{"start":{"line":2363,"column":16},"end":{"line":2363,"column":16}}]},"401":{"line":2365,"type":"if","locations":[{"start":{"line":2365,"column":14},"end":{"line":2365,"column":14}},{"start":{"line":2365,"column":14},"end":{"line":2365,"column":14}}]},"402":{"line":2370,"type":"if","locations":[{"start":{"line":2370,"column":14},"end":{"line":2370,"column":14}},{"start":{"line":2370,"column":14},"end":{"line":2370,"column":14}}]},"403":{"line":2372,"type":"if","locations":[{"start":{"line":2372,"column":16},"end":{"line":2372,"column":16}},{"start":{"line":2372,"column":16},"end":{"line":2372,"column":16}}]},"404":{"line":2377,"type":"if","locations":[{"start":{"line":2377,"column":18},"end":{"line":2377,"column":18}},{"start":{"line":2377,"column":18},"end":{"line":2377,"column":18}}]},"405":{"line":2379,"type":"if","locations":[{"start":{"line":2379,"column":16},"end":{"line":2379,"column":16}},{"start":{"line":2379,"column":16},"end":{"line":2379,"column":16}}]},"406":{"line":2384,"type":"if","locations":[{"start":{"line":2384,"column":16},"end":{"line":2384,"column":16}},{"start":{"line":2384,"column":16},"end":{"line":2384,"column":16}}]},"407":{"line":2386,"type":"if","locations":[{"start":{"line":2386,"column":18},"end":{"line":2386,"column":18}},{"start":{"line":2386,"column":18},"end":{"line":2386,"column":18}}]},"408":{"line":2391,"type":"if","locations":[{"start":{"line":2391,"column":20},"end":{"line":2391,"column":20}},{"start":{"line":2391,"column":20},"end":{"line":2391,"column":20}}]},"409":{"line":2393,"type":"if","locations":[{"start":{"line":2393,"column":18},"end":{"line":2393,"column":18}},{"start":{"line":2393,"column":18},"end":{"line":2393,"column":18}}]},"410":{"line":2398,"type":"if","locations":[{"start":{"line":2398,"column":18},"end":{"line":2398,"column":18}},{"start":{"line":2398,"column":18},"end":{"line":2398,"column":18}}]},"411":{"line":2400,"type":"if","locations":[{"start":{"line":2400,"column":20},"end":{"line":2400,"column":20}},{"start":{"line":2400,"column":20},"end":{"line":2400,"column":20}}]},"412":{"line":2405,"type":"if","locations":[{"start":{"line":2405,"column":22},"end":{"line":2405,"column":22}},{"start":{"line":2405,"column":22},"end":{"line":2405,"column":22}}]},"413":{"line":2407,"type":"if","locations":[{"start":{"line":2407,"column":20},"end":{"line":2407,"column":20}},{"start":{"line":2407,"column":20},"end":{"line":2407,"column":20}}]},"414":{"line":2412,"type":"if","locations":[{"start":{"line":2412,"column":20},"end":{"line":2412,"column":20}},{"start":{"line":2412,"column":20},"end":{"line":2412,"column":20}}]},"415":{"line":2414,"type":"if","locations":[{"start":{"line":2414,"column":22},"end":{"line":2414,"column":22}},{"start":{"line":2414,"column":22},"end":{"line":2414,"column":22}}]},"416":{"line":2419,"type":"if","locations":[{"start":{"line":2419,"column":24},"end":{"line":2419,"column":24}},{"start":{"line":2419,"column":24},"end":{"line":2419,"column":24}}]},"417":{"line":2421,"type":"if","locations":[{"start":{"line":2421,"column":22},"end":{"line":2421,"column":22}},{"start":{"line":2421,"column":22},"end":{"line":2421,"column":22}}]},"418":{"line":2426,"type":"if","locations":[{"start":{"line":2426,"column":22},"end":{"line":2426,"column":22}},{"start":{"line":2426,"column":22},"end":{"line":2426,"column":22}}]},"419":{"line":2428,"type":"if","locations":[{"start":{"line":2428,"column":24},"end":{"line":2428,"column":24}},{"start":{"line":2428,"column":24},"end":{"line":2428,"column":24}}]},"420":{"line":2433,"type":"if","locations":[{"start":{"line":2433,"column":26},"end":{"line":2433,"column":26}},{"start":{"line":2433,"column":26},"end":{"line":2433,"column":26}}]},"421":{"line":2435,"type":"if","locations":[{"start":{"line":2435,"column":24},"end":{"line":2435,"column":24}},{"start":{"line":2435,"column":24},"end":{"line":2435,"column":24}}]},"422":{"line":2440,"type":"if","locations":[{"start":{"line":2440,"column":24},"end":{"line":2440,"column":24}},{"start":{"line":2440,"column":24},"end":{"line":2440,"column":24}}]},"423":{"line":2442,"type":"if","locations":[{"start":{"line":2442,"column":26},"end":{"line":2442,"column":26}},{"start":{"line":2442,"column":26},"end":{"line":2442,"column":26}}]},"424":{"line":2447,"type":"if","locations":[{"start":{"line":2447,"column":28},"end":{"line":2447,"column":28}},{"start":{"line":2447,"column":28},"end":{"line":2447,"column":28}}]},"425":{"line":2449,"type":"if","locations":[{"start":{"line":2449,"column":26},"end":{"line":2449,"column":26}},{"start":{"line":2449,"column":26},"end":{"line":2449,"column":26}}]},"426":{"line":2454,"type":"if","locations":[{"start":{"line":2454,"column":26},"end":{"line":2454,"column":26}},{"start":{"line":2454,"column":26},"end":{"line":2454,"column":26}}]},"427":{"line":2456,"type":"if","locations":[{"start":{"line":2456,"column":28},"end":{"line":2456,"column":28}},{"start":{"line":2456,"column":28},"end":{"line":2456,"column":28}}]},"428":{"line":2461,"type":"if","locations":[{"start":{"line":2461,"column":30},"end":{"line":2461,"column":30}},{"start":{"line":2461,"column":30},"end":{"line":2461,"column":30}}]},"429":{"line":2463,"type":"if","locations":[{"start":{"line":2463,"column":28},"end":{"line":2463,"column":28}},{"start":{"line":2463,"column":28},"end":{"line":2463,"column":28}}]},"430":{"line":2468,"type":"if","locations":[{"start":{"line":2468,"column":28},"end":{"line":2468,"column":28}},{"start":{"line":2468,"column":28},"end":{"line":2468,"column":28}}]},"431":{"line":2470,"type":"if","locations":[{"start":{"line":2470,"column":30},"end":{"line":2470,"column":30}},{"start":{"line":2470,"column":30},"end":{"line":2470,"column":30}}]},"432":{"line":2475,"type":"if","locations":[{"start":{"line":2475,"column":32},"end":{"line":2475,"column":32}},{"start":{"line":2475,"column":32},"end":{"line":2475,"column":32}}]},"433":{"line":2477,"type":"if","locations":[{"start":{"line":2477,"column":30},"end":{"line":2477,"column":30}},{"start":{"line":2477,"column":30},"end":{"line":2477,"column":30}}]},"434":{"line":2505,"type":"if","locations":[{"start":{"line":2505,"column":4},"end":{"line":2505,"column":4}},{"start":{"line":2505,"column":4},"end":{"line":2505,"column":4}}]},"435":{"line":2510,"type":"if","locations":[{"start":{"line":2510,"column":6},"end":{"line":2510,"column":6}},{"start":{"line":2510,"column":6},"end":{"line":2510,"column":6}}]},"436":{"line":2512,"type":"if","locations":[{"start":{"line":2512,"column":4},"end":{"line":2512,"column":4}},{"start":{"line":2512,"column":4},"end":{"line":2512,"column":4}}]},"437":{"line":2515,"type":"if","locations":[{"start":{"line":2515,"column":8},"end":{"line":2515,"column":8}},{"start":{"line":2515,"column":8},"end":{"line":2515,"column":8}}]},"438":{"line":2520,"type":"if","locations":[{"start":{"line":2520,"column":10},"end":{"line":2520,"column":10}},{"start":{"line":2520,"column":10},"end":{"line":2520,"column":10}}]},"439":{"line":2526,"type":"if","locations":[{"start":{"line":2526,"column":4},"end":{"line":2526,"column":4}},{"start":{"line":2526,"column":4},"end":{"line":2526,"column":4}}]},"440":{"line":2532,"type":"if","locations":[{"start":{"line":2532,"column":4},"end":{"line":2532,"column":4}},{"start":{"line":2532,"column":4},"end":{"line":2532,"column":4}}]},"441":{"line":2534,"type":"if","locations":[{"start":{"line":2534,"column":6},"end":{"line":2534,"column":6}},{"start":{"line":2534,"column":6},"end":{"line":2534,"column":6}}]},"442":{"line":2546,"type":"if","locations":[{"start":{"line":2546,"column":4},"end":{"line":2546,"column":4}},{"start":{"line":2546,"column":4},"end":{"line":2546,"column":4}}]},"443":{"line":2551,"type":"if","locations":[{"start":{"line":2551,"column":6},"end":{"line":2551,"column":6}},{"start":{"line":2551,"column":6},"end":{"line":2551,"column":6}}]},"444":{"line":2555,"type":"if","locations":[{"start":{"line":2555,"column":6},"end":{"line":2555,"column":6}},{"start":{"line":2555,"column":6},"end":{"line":2555,"column":6}}]},"445":{"line":2560,"type":"if","locations":[{"start":{"line":2560,"column":8},"end":{"line":2560,"column":8}},{"start":{"line":2560,"column":8},"end":{"line":2560,"column":8}}]},"446":{"line":2563,"type":"if","locations":[{"start":{"line":2563,"column":4},"end":{"line":2563,"column":4}},{"start":{"line":2563,"column":4},"end":{"line":2563,"column":4}}]},"447":{"line":2569,"type":"if","locations":[{"start":{"line":2569,"column":4},"end":{"line":2569,"column":4}},{"start":{"line":2569,"column":4},"end":{"line":2569,"column":4}}]},"448":{"line":2571,"type":"if","locations":[{"start":{"line":2571,"column":6},"end":{"line":2571,"column":6}},{"start":{"line":2571,"column":6},"end":{"line":2571,"column":6}}]},"449":{"line":2580,"type":"if","locations":[{"start":{"line":2580,"column":4},"end":{"line":2580,"column":4}},{"start":{"line":2580,"column":4},"end":{"line":2580,"column":4}}]},"450":{"line":2584,"type":"if","locations":[{"start":{"line":2584,"column":4},"end":{"line":2584,"column":4}},{"start":{"line":2584,"column":4},"end":{"line":2584,"column":4}}]},"451":{"line":2592,"type":"if","locations":[{"start":{"line":2592,"column":7},"end":{"line":2592,"column":7}},{"start":{"line":2592,"column":7},"end":{"line":2592,"column":7}}]},"452":{"line":2605,"type":"if","locations":[{"start":{"line":2605,"column":2},"end":{"line":2605,"column":2}},{"start":{"line":2605,"column":2},"end":{"line":2605,"column":2}}]},"453":{"line":2605,"type":"binary-expr","locations":[{"start":{"line":2605,"column":6},"end":{"line":2605,"column":31}},{"start":{"line":2605,"column":35},"end":{"line":2605,"column":63}}]},"454":{"line":2608,"type":"if","locations":[{"start":{"line":2608,"column":4},"end":{"line":2608,"column":4}},{"start":{"line":2608,"column":4},"end":{"line":2608,"column":4}}]},"455":{"line":2608,"type":"binary-expr","locations":[{"start":{"line":2608,"column":8},"end":{"line":2608,"column":33}},{"start":{"line":2608,"column":37},"end":{"line":2608,"column":63}}]},"456":{"line":2614,"type":"cond-expr","locations":[{"start":{"line":2614,"column":38},"end":{"line":2614,"column":66}},{"start":{"line":2614,"column":69},"end":{"line":2614,"column":73}}]},"457":{"line":2615,"type":"cond-expr","locations":[{"start":{"line":2616,"column":10},"end":{"line":2616,"column":65}},{"start":{"line":2617,"column":10},"end":{"line":2617,"column":61}}]}}}}