TN:
SF:D:\Portables\NodeJs\crontalk\dist\crontalk.js
FN:9,peg$subclass
FN:10,ctor
FN:15,peg$SyntaxError
FN:29,(anonymous_4)
FN:31,(anonymous_5)
FN:35,(anonymous_6)
FN:48,(anonymous_7)
FN:52,(anonymous_8)
FN:56,(anonymous_9)
FN:61,hex
FN:65,literalEscape
FN:73,(anonymous_12)
FN:74,(anonymous_13)
FN:77,classEscape
FN:87,(anonymous_15)
FN:88,(anonymous_16)
FN:91,describeExpectation
FN:95,describeExpected
FN:129,describeFound
FN:136,peg$parse
FN:144,(anonymous_21)
FN:145,(anonymous_22)
FN:156,(anonymous_23)
FN:157,(anonymous_24)
FN:168,(anonymous_25)
FN:169,(anonymous_26)
FN:181,(anonymous_27)
FN:182,(anonymous_28)
FN:212,(anonymous_29)
FN:213,(anonymous_30)
FN:214,(anonymous_31)
FN:215,(anonymous_32)
FN:218,(anonymous_33)
FN:221,(anonymous_34)
FN:226,(anonymous_35)
FN:227,(anonymous_36)
FN:230,(anonymous_37)
FN:231,(anonymous_38)
FN:236,(anonymous_39)
FN:237,(anonymous_40)
FN:242,(anonymous_41)
FN:247,(anonymous_42)
FN:248,(anonymous_43)
FN:267,(anonymous_44)
FN:268,(anonymous_45)
FN:282,(anonymous_46)
FN:287,(anonymous_47)
FN:292,(anonymous_48)
FN:297,(anonymous_49)
FN:302,(anonymous_50)
FN:305,(anonymous_51)
FN:308,(anonymous_52)
FN:311,(anonymous_53)
FN:312,(anonymous_54)
FN:333,(anonymous_55)
FN:336,(anonymous_56)
FN:339,(anonymous_57)
FN:342,(anonymous_58)
FN:345,(anonymous_59)
FN:348,(anonymous_60)
FN:351,(anonymous_61)
FN:354,(anonymous_62)
FN:357,(anonymous_63)
FN:360,(anonymous_64)
FN:363,(anonymous_65)
FN:366,(anonymous_66)
FN:369,(anonymous_67)
FN:372,(anonymous_68)
FN:375,(anonymous_69)
FN:378,(anonymous_70)
FN:381,(anonymous_71)
FN:384,(anonymous_72)
FN:387,(anonymous_73)
FN:412,(anonymous_74)
FN:415,(anonymous_75)
FN:418,(anonymous_76)
FN:421,(anonymous_77)
FN:424,(anonymous_78)
FN:427,(anonymous_79)
FN:430,(anonymous_80)
FN:448,(anonymous_81)
FN:452,(anonymous_82)
FN:471,text
FN:475,location
FN:479,expected
FN:489,error
FN:495,peg$literalExpectation
FN:499,peg$classExpectation
FN:503,peg$anyExpectation
FN:507,peg$endExpectation
FN:511,peg$otherExpectation
FN:515,peg$computePosDetails
FN:548,peg$computeLocation
FN:566,peg$fail
FN:577,peg$buildSimpleError
FN:581,peg$buildStructuredError
FN:590,peg$parseExpression
FN:652,peg$parseEvery_Span_Clause
FN:690,peg$parseEvery_Single_Unit_Clause
FN:725,peg$parseSpan_Clause
FN:817,peg$parseEvery_Occurrence_Clause
FN:879,peg$parseOccurrence_Clause
FN:896,peg$parseLapse_Clause
FN:946,peg$parseFrom_Clause
FN:981,peg$parseTo_Clause
FN:1016,peg$parseUntil_Clause
FN:1051,peg$parseTime_Clause
FN:1296,peg$parseDate_Clause
FN:1465,peg$parseDeictic_Clause
FN:1578,peg$parseOf_Clause
FN:1613,peg$parseOrdinal_Clause
FN:1686,peg$parseOrdinal_Number
FN:1709,peg$parseOrdinal_Suffix
FN:1750,peg$parseUnit
FN:1809,peg$parseOrdinal_Literal
FN:1919,peg$parseMonth_Literal
FN:2284,peg$parseWeekday_Literal
FN:2499,peg$parseNumber
FN:2540,peg$parse_
FN:2578,lapse_clause
FN:2591,time_clause
FNF:121
FNH:73
FNDA:1,peg$subclass
FNDA:1,ctor
FNDA:0,peg$SyntaxError
FNDA:0,(anonymous_4)
FNDA:0,(anonymous_5)
FNDA:0,(anonymous_6)
FNDA:0,(anonymous_7)
FNDA:0,(anonymous_8)
FNDA:0,(anonymous_9)
FNDA:0,hex
FNDA:0,literalEscape
FNDA:0,(anonymous_12)
FNDA:0,(anonymous_13)
FNDA:0,classEscape
FNDA:0,(anonymous_15)
FNDA:0,(anonymous_16)
FNDA:0,describeExpectation
FNDA:0,describeExpected
FNDA:0,describeFound
FNDA:30,peg$parse
FNDA:26,(anonymous_21)
FNDA:30,(anonymous_22)
FNDA:19,(anonymous_23)
FNDA:8,(anonymous_24)
FNDA:3,(anonymous_25)
FNDA:22,(anonymous_26)
FNDA:3,(anonymous_27)
FNDA:3,(anonymous_28)
FNDA:0,(anonymous_29)
FNDA:5,(anonymous_30)
FNDA:24,(anonymous_31)
FNDA:2,(anonymous_32)
FNDA:24,(anonymous_33)
FNDA:7,(anonymous_34)
FNDA:7,(anonymous_35)
FNDA:21,(anonymous_36)
FNDA:0,(anonymous_37)
FNDA:3,(anonymous_38)
FNDA:2,(anonymous_39)
FNDA:1,(anonymous_40)
FNDA:1,(anonymous_41)
FNDA:3,(anonymous_42)
FNDA:3,(anonymous_43)
FNDA:2,(anonymous_44)
FNDA:8,(anonymous_45)
FNDA:2,(anonymous_46)
FNDA:1,(anonymous_47)
FNDA:1,(anonymous_48)
FNDA:1,(anonymous_49)
FNDA:1,(anonymous_50)
FNDA:9,(anonymous_51)
FNDA:39,(anonymous_52)
FNDA:6,(anonymous_53)
FNDA:29,(anonymous_54)
FNDA:4,(anonymous_55)
FNDA:5,(anonymous_56)
FNDA:1,(anonymous_57)
FNDA:0,(anonymous_58)
FNDA:0,(anonymous_59)
FNDA:0,(anonymous_60)
FNDA:0,(anonymous_61)
FNDA:2,(anonymous_62)
FNDA:2,(anonymous_63)
FNDA:0,(anonymous_64)
FNDA:0,(anonymous_65)
FNDA:0,(anonymous_66)
FNDA:0,(anonymous_67)
FNDA:0,(anonymous_68)
FNDA:0,(anonymous_69)
FNDA:1,(anonymous_70)
FNDA:0,(anonymous_71)
FNDA:0,(anonymous_72)
FNDA:0,(anonymous_73)
FNDA:1,(anonymous_74)
FNDA:0,(anonymous_75)
FNDA:0,(anonymous_76)
FNDA:0,(anonymous_77)
FNDA:0,(anonymous_78)
FNDA:0,(anonymous_79)
FNDA:0,(anonymous_80)
FNDA:60,(anonymous_81)
FNDA:425,(anonymous_82)
FNDA:60,text
FNDA:0,location
FNDA:0,expected
FNDA:0,error
FNDA:2190,peg$literalExpectation
FNDA:60,peg$classExpectation
FNDA:0,peg$anyExpectation
FNDA:0,peg$endExpectation
FNDA:60,peg$otherExpectation
FNDA:0,peg$computePosDetails
FNDA:0,peg$computeLocation
FNDA:1907,peg$fail
FNDA:0,peg$buildSimpleError
FNDA:0,peg$buildStructuredError
FNDA:30,peg$parseExpression
FNDA:30,peg$parseEvery_Span_Clause
FNDA:30,peg$parseEvery_Single_Unit_Clause
FNDA:25,peg$parseSpan_Clause
FNDA:3,peg$parseEvery_Occurrence_Clause
FNDA:0,peg$parseOccurrence_Clause
FNDA:30,peg$parseLapse_Clause
FNDA:30,peg$parseFrom_Clause
FNDA:24,peg$parseTo_Clause
FNDA:6,peg$parseUntil_Clause
FNDA:40,peg$parseTime_Clause
FNDA:40,peg$parseDate_Clause
FNDA:32,peg$parseDeictic_Clause
FNDA:26,peg$parseOf_Clause
FNDA:50,peg$parseOrdinal_Clause
FNDA:50,peg$parseOrdinal_Number
FNDA:29,peg$parseOrdinal_Suffix
FNDA:80,peg$parseUnit
FNDA:21,peg$parseOrdinal_Literal
FNDA:43,peg$parseMonth_Literal
FNDA:1,peg$parseWeekday_Literal
FNDA:118,peg$parseNumber
FNDA:425,peg$parse_
FNDA:26,lapse_clause
FNDA:32,time_clause
DA:9,1
DA:10,1
DA:11,1
DA:12,1
DA:15,1
DA:16,0
DA:17,0
DA:18,0
DA:19,0
DA:20,0
DA:22,0
DA:23,0
DA:27,1
DA:29,1
DA:30,0
DA:32,0
DA:36,0
DA:39,0
DA:40,0
DA:45,0
DA:49,0
DA:53,0
DA:57,0
DA:61,1
DA:62,0
DA:65,1
DA:66,0
DA:73,0
DA:74,0
DA:77,1
DA:78,0
DA:87,0
DA:88,0
DA:91,1
DA:92,0
DA:95,1
DA:96,0
DA:99,0
DA:100,0
DA:103,0
DA:105,0
DA:106,0
DA:107,0
DA:108,0
DA:109,0
DA:112,0
DA:115,0
DA:117,0
DA:120,0
DA:123,0
DA:129,1
DA:130,0
DA:133,0
DA:136,1
DA:137,30
DA:139,30
DA:144,26
DA:146,30
DA:147,30
DA:148,26
DA:149,26
DA:152,30
DA:156,19
DA:158,8
DA:159,8
DA:160,8
DA:168,3
DA:170,22
DA:171,22
DA:173,22
DA:174,3
DA:175,4
DA:179,22
DA:181,3
DA:183,3
DA:184,3
DA:185,2
DA:186,1
DA:187,1
DA:188,1
DA:191,2
DA:192,1
DA:193,1
DA:194,1
DA:197,1
DA:198,0
DA:199,0
DA:200,0
DA:203,1
DA:204,1
DA:205,1
DA:206,1
DA:210,3
DA:212,0
DA:213,5
DA:214,24
DA:215,2
DA:218,24
DA:221,7
DA:226,7
DA:228,21
DA:230,0
DA:232,3
DA:236,2
DA:238,1
DA:243,1
DA:247,3
DA:249,3
DA:250,3
DA:251,3
DA:252,3
DA:254,0
DA:257,3
DA:267,2
DA:269,8
DA:270,8
DA:271,3
DA:272,3
DA:275,3
DA:276,1
DA:280,8
DA:283,2
DA:288,1
DA:293,1
DA:298,1
DA:303,1
DA:305,9
DA:309,39
DA:311,6
DA:312,29
DA:333,4
DA:336,5
DA:339,1
DA:342,0
DA:345,0
DA:348,0
DA:351,0
DA:354,2
DA:357,2
DA:360,0
DA:363,0
DA:366,0
DA:369,0
DA:372,0
DA:375,0
DA:378,1
DA:381,0
DA:384,0
DA:387,0
DA:412,1
DA:415,0
DA:418,0
DA:421,0
DA:424,0
DA:427,0
DA:430,0
DA:448,60
DA:452,425
DA:463,30
DA:464,0
DA:465,0
DA:468,0
DA:471,1
DA:472,60
DA:475,1
DA:476,0
DA:479,1
DA:480,0
DA:482,0
DA:489,1
DA:490,0
DA:492,0
DA:495,1
DA:496,2190
DA:499,1
DA:500,60
DA:503,1
DA:504,0
DA:507,1
DA:508,0
DA:511,1
DA:512,60
DA:515,1
DA:516,0
DA:518,0
DA:519,0
DA:521,0
DA:522,0
DA:523,0
DA:526,0
DA:527,0
DA:532,0
DA:533,0
DA:534,0
DA:535,0
DA:537,0
DA:540,0
DA:543,0
DA:544,0
DA:548,1
DA:549,0
DA:552,0
DA:566,1
DA:567,1907
DA:569,1010
DA:570,183
DA:571,183
DA:574,1010
DA:577,1
DA:578,0
DA:581,1
DA:582,0
DA:590,1
DA:591,30
DA:593,30
DA:594,30
DA:595,30
DA:596,0
DA:598,30
DA:599,30
DA:600,30
DA:601,3
DA:603,30
DA:604,30
DA:605,30
DA:606,30
DA:607,30
DA:608,30
DA:609,26
DA:610,26
DA:611,26
DA:613,4
DA:614,4
DA:617,0
DA:618,0
DA:620,30
DA:621,4
DA:623,30
DA:624,30
DA:625,30
DA:626,0
DA:628,30
DA:629,30
DA:630,30
DA:631,30
DA:633,0
DA:634,0
DA:637,0
DA:638,0
DA:641,0
DA:642,0
DA:645,0
DA:646,0
DA:649,30
DA:652,1
DA:653,30
DA:655,30
DA:656,30
DA:657,22
DA:658,22
DA:659,22
DA:660,22
DA:662,0
DA:663,0
DA:665,22
DA:666,22
DA:667,22
DA:668,22
DA:669,22
DA:670,19
DA:671,19
DA:672,19
DA:674,3
DA:675,3
DA:678,0
DA:679,0
DA:682,0
DA:683,0
DA:687,30
DA:690,1
DA:691,30
DA:693,30
DA:694,30
DA:695,30
DA:696,30
DA:698,0
DA:699,0
DA:701,30
DA:702,30
DA:703,30
DA:704,30
DA:705,30
DA:706,8
DA:707,8
DA:708,8
DA:710,22
DA:711,22
DA:714,0
DA:715,0
DA:718,0
DA:719,0
DA:722,30
DA:725,1
DA:726,25
DA:728,25
DA:729,25
DA:730,25
DA:731,22
DA:732,22
DA:733,22
DA:734,22
DA:735,22
DA:736,22
DA:737,22
DA:739,0
DA:740,0
DA:742,22
DA:743,22
DA:744,22
DA:745,22
DA:746,22
DA:747,3
DA:748,3
DA:750,19
DA:751,19
DA:753,22
DA:754,19
DA:755,0
DA:756,0
DA:758,19
DA:759,19
DA:762,22
DA:763,3
DA:764,3
DA:765,3
DA:766,3
DA:767,3
DA:768,3
DA:769,3
DA:771,0
DA:772,0
DA:775,0
DA:776,0
DA:779,19
DA:780,19
DA:783,0
DA:784,0
DA:786,22
DA:787,19
DA:789,22
DA:790,22
DA:791,22
DA:792,22
DA:794,0
DA:795,0
DA:798,0
DA:799,0
DA:802,0
DA:803,0
DA:806,0
DA:807,0
DA:810,3
DA:811,3
DA:814,25
DA:817,1
DA:818,3
DA:820,3
DA:821,3
DA:822,3
DA:823,3
DA:825,0
DA:826,0
DA:828,3
DA:829,3
DA:830,3
DA:831,3
DA:832,3
DA:833,3
DA:834,2
DA:835,2
DA:836,2
DA:837,2
DA:838,2
DA:840,0
DA:841,0
DA:844,1
DA:845,1
DA:847,3
DA:848,1
DA:850,3
DA:851,3
DA:852,3
DA:853,1
DA:855,3
DA:856,3
DA:857,3
DA:858,3
DA:860,0
DA:861,0
DA:864,0
DA:865,0
DA:868,0
DA:869,0
DA:872,0
DA:873,0
DA:876,3
DA:879,1
DA:880,0
DA:882,0
DA:883,0
DA:884,0
DA:885,0
DA:886,0
DA:888,0
DA:889,0
DA:890,0
DA:893,0
DA:896,1
DA:897,30
DA:899,30
DA:900,30
DA:901,30
DA:902,24
DA:903,24
DA:904,24
DA:905,24
DA:906,24
DA:907,5
DA:908,5
DA:909,5
DA:911,19
DA:912,19
DA:915,0
DA:916,0
DA:918,24
DA:919,19
DA:921,24
DA:922,24
DA:923,24
DA:924,24
DA:926,0
DA:927,0
DA:930,6
DA:931,6
DA:933,30
DA:934,6
DA:935,6
DA:936,6
DA:937,2
DA:938,2
DA:940,6
DA:943,30
DA:946,1
DA:947,30
DA:949,30
DA:950,30
DA:951,24
DA:952,24
DA:954,6
DA:955,6
DA:957,30
DA:958,24
DA:959,24
DA:960,24
DA:961,24
DA:962,24
DA:963,24
DA:964,24
DA:966,0
DA:967,0
DA:970,0
DA:971,0
DA:974,6
DA:975,6
DA:978,30
DA:981,1
DA:982,24
DA:984,24
DA:985,24
DA:986,5
DA:987,5
DA:989,19
DA:990,19
DA:992,24
DA:993,5
DA:994,5
DA:995,5
DA:996,5
DA:997,5
DA:998,5
DA:999,5
DA:1001,0
DA:1002,0
DA:1005,0
DA:1006,0
DA:1009,19
DA:1010,19
DA:1013,24
DA:1016,1
DA:1017,6
DA:1019,6
DA:1020,6
DA:1021,2
DA:1022,2
DA:1024,4
DA:1025,4
DA:1027,6
DA:1028,2
DA:1029,2
DA:1030,2
DA:1031,2
DA:1032,2
DA:1033,2
DA:1034,2
DA:1036,0
DA:1037,0
DA:1040,0
DA:1041,0
DA:1044,4
DA:1045,4
DA:1048,6
DA:1051,1
DA:1052,40
DA:1054,40
DA:1055,40
DA:1056,32
DA:1057,32
DA:1058,26
DA:1059,26
DA:1060,23
DA:1061,23
DA:1063,3
DA:1064,3
DA:1066,26
DA:1067,23
DA:1068,23
DA:1069,23
DA:1070,23
DA:1071,21
DA:1072,21
DA:1073,21
DA:1074,21
DA:1075,21
DA:1076,21
DA:1077,21
DA:1078,21
DA:1079,21
DA:1080,7
DA:1081,7
DA:1082,7
DA:1084,14
DA:1085,14
DA:1088,0
DA:1089,0
DA:1091,21
DA:1092,14
DA:1094,21
DA:1095,21
DA:1096,21
DA:1097,21
DA:1099,0
DA:1100,0
DA:1103,0
DA:1104,0
DA:1107,0
DA:1108,0
DA:1111,2
DA:1112,2
DA:1115,0
DA:1116,0
DA:1119,3
DA:1120,3
DA:1122,26
DA:1123,5
DA:1124,5
DA:1125,5
DA:1126,3
DA:1127,3
DA:1128,3
DA:1129,3
DA:1130,3
DA:1131,3
DA:1132,3
DA:1133,3
DA:1134,3
DA:1135,0
DA:1136,0
DA:1137,0
DA:1139,3
DA:1140,3
DA:1143,0
DA:1144,0
DA:1146,3
DA:1147,3
DA:1149,3
DA:1150,3
DA:1151,3
DA:1152,3
DA:1154,0
DA:1155,0
DA:1158,0
DA:1159,0
DA:1162,0
DA:1163,0
DA:1166,2
DA:1167,2
DA:1169,5
DA:1170,2
DA:1171,2
DA:1172,2
DA:1173,2
DA:1175,0
DA:1176,0
DA:1178,2
DA:1179,2
DA:1180,2
DA:1181,2
DA:1182,1
DA:1183,1
DA:1185,1
DA:1186,1
DA:1188,2
DA:1189,1
DA:1190,1
DA:1191,1
DA:1192,1
DA:1193,1
DA:1194,1
DA:1195,1
DA:1196,1
DA:1198,0
DA:1199,0
DA:1202,0
DA:1203,0
DA:1205,1
DA:1206,0
DA:1208,1
DA:1209,1
DA:1210,1
DA:1211,1
DA:1213,0
DA:1214,0
DA:1217,1
DA:1218,1
DA:1221,0
DA:1222,0
DA:1225,0
DA:1226,0
DA:1228,2
DA:1229,1
DA:1230,1
DA:1231,1
DA:1232,1
DA:1234,0
DA:1235,0
DA:1237,1
DA:1238,1
DA:1239,1
DA:1240,1
DA:1241,1
DA:1242,1
DA:1244,0
DA:1245,0
DA:1247,1
DA:1248,1
DA:1249,1
DA:1250,1
DA:1251,1
DA:1252,1
DA:1253,1
DA:1254,1
DA:1255,1
DA:1257,0
DA:1258,0
DA:1261,0
DA:1262,0
DA:1264,1
DA:1265,0
DA:1267,1
DA:1268,1
DA:1269,1
DA:1270,1
DA:1272,0
DA:1273,0
DA:1276,0
DA:1277,0
DA:1280,0
DA:1281,0
DA:1284,0
DA:1285,0
DA:1293,40
DA:1296,1
DA:1297,40
DA:1299,40
DA:1300,40
DA:1301,40
DA:1302,40
DA:1303,40
DA:1304,24
DA:1305,24
DA:1307,16
DA:1308,16
DA:1310,40
DA:1311,24
DA:1312,24
DA:1313,24
DA:1314,24
DA:1315,22
DA:1316,22
DA:1317,22
DA:1318,1
DA:1319,1
DA:1321,21
DA:1322,21
DA:1324,22
DA:1325,1
DA:1326,1
DA:1327,1
DA:1328,1
DA:1329,1
DA:1331,0
DA:1332,0
DA:1335,21
DA:1336,21
DA:1339,0
DA:1340,0
DA:1343,2
DA:1344,2
DA:1347,0
DA:1348,0
DA:1351,16
DA:1352,16
DA:1354,40
DA:1355,39
DA:1357,40
DA:1358,40
DA:1359,40
DA:1360,40
DA:1361,3
DA:1362,3
DA:1363,3
DA:1364,3
DA:1365,3
DA:1367,0
DA:1368,0
DA:1371,37
DA:1372,37
DA:1374,40
DA:1375,3
DA:1376,3
DA:1378,37
DA:1379,37
DA:1382,0
DA:1383,0
DA:1385,40
DA:1386,3
DA:1387,3
DA:1389,40
DA:1390,40
DA:1391,37
DA:1393,40
DA:1394,40
DA:1395,40
DA:1396,34
DA:1397,34
DA:1398,1
DA:1399,1
DA:1401,33
DA:1402,33
DA:1404,34
DA:1405,33
DA:1406,2
DA:1407,2
DA:1409,31
DA:1410,31
DA:1412,33
DA:1413,31
DA:1414,1
DA:1415,1
DA:1417,30
DA:1418,30
DA:1422,34
DA:1423,4
DA:1424,4
DA:1425,4
DA:1426,2
DA:1427,2
DA:1429,2
DA:1430,2
DA:1432,4
DA:1433,2
DA:1434,2
DA:1435,2
DA:1437,2
DA:1438,2
DA:1441,0
DA:1442,0
DA:1445,30
DA:1446,30
DA:1449,40
DA:1450,8
DA:1451,8
DA:1452,8
DA:1454,32
DA:1455,32
DA:1458,0
DA:1459,0
DA:1462,40
DA:1465,1
DA:1466,32
DA:1468,32
DA:1469,32
DA:1470,0
DA:1471,0
DA:1473,32
DA:1474,32
DA:1476,32
DA:1477,32
DA:1478,1
DA:1479,1
DA:1481,31
DA:1482,31
DA:1484,32
DA:1485,31
DA:1486,1
DA:1487,1
DA:1489,30
DA:1490,30
DA:1494,32
DA:1495,2
DA:1496,2
DA:1497,2
DA:1498,2
DA:1499,2
DA:1500,2
DA:1501,2
DA:1503,0
DA:1504,0
DA:1507,0
DA:1508,0
DA:1511,30
DA:1512,30
DA:1514,32
DA:1515,30
DA:1516,30
DA:1517,1
DA:1518,1
DA:1520,29
DA:1521,29
DA:1523,30
DA:1524,1
DA:1525,1
DA:1527,30
DA:1528,30
DA:1529,29
DA:1530,29
DA:1531,1
DA:1532,1
DA:1534,28
DA:1535,28
DA:1537,29
DA:1538,1
DA:1539,1
DA:1541,29
DA:1542,29
DA:1543,28
DA:1544,28
DA:1545,1
DA:1546,1
DA:1548,27
DA:1549,27
DA:1551,28
DA:1552,1
DA:1553,1
DA:1555,28
DA:1556,28
DA:1557,27
DA:1558,27
DA:1559,1
DA:1560,1
DA:1562,26
DA:1563,26
DA:1565,27
DA:1566,1
DA:1567,1
DA:1569,27
DA:1575,32
DA:1578,1
DA:1579,26
DA:1581,26
DA:1582,26
DA:1583,9
DA:1584,9
DA:1586,17
DA:1587,17
DA:1589,26
DA:1590,9
DA:1591,9
DA:1592,9
DA:1593,9
DA:1594,9
DA:1595,9
DA:1596,9
DA:1598,0
DA:1599,0
DA:1602,0
DA:1603,0
DA:1606,17
DA:1607,17
DA:1610,26
DA:1613,1
DA:1614,50
DA:1616,50
DA:1617,50
DA:1618,50
DA:1619,21
DA:1621,50
DA:1622,39
DA:1623,39
DA:1624,4
DA:1625,4
DA:1627,35
DA:1628,35
DA:1630,39
DA:1631,35
DA:1633,39
DA:1634,39
DA:1635,8
DA:1636,8
DA:1638,31
DA:1639,31
DA:1641,39
DA:1642,8
DA:1643,8
DA:1645,31
DA:1646,31
DA:1649,0
DA:1650,0
DA:1652,39
DA:1653,31
DA:1655,39
DA:1656,39
DA:1657,39
DA:1658,39
DA:1660,0
DA:1661,0
DA:1664,11
DA:1665,11
DA:1667,50
DA:1668,11
DA:1669,11
DA:1670,6
DA:1671,6
DA:1673,5
DA:1674,5
DA:1676,11
DA:1677,6
DA:1678,6
DA:1680,11
DA:1683,50
DA:1686,1
DA:1687,50
DA:1689,50
DA:1690,50
DA:1691,50
DA:1692,29
DA:1693,29
DA:1694,29
DA:1695,29
DA:1696,29
DA:1698,0
DA:1699,0
DA:1702,21
DA:1703,21
DA:1706,50
DA:1709,1
DA:1710,29
DA:1712,29
DA:1713,0
DA:1714,0
DA:1716,29
DA:1717,29
DA:1719,29
DA:1720,29
DA:1721,10
DA:1722,10
DA:1724,19
DA:1725,19
DA:1727,29
DA:1728,19
DA:1729,2
DA:1730,2
DA:1732,17
DA:1733,17
DA:1735,19
DA:1736,17
DA:1737,17
DA:1738,17
DA:1740,0
DA:1741,0
DA:1747,29
DA:1750,1
DA:1751,80
DA:1753,80
DA:1754,2
DA:1755,2
DA:1757,78
DA:1758,78
DA:1760,80
DA:1761,78
DA:1762,3
DA:1763,3
DA:1765,75
DA:1766,75
DA:1768,78
DA:1769,75
DA:1770,34
DA:1771,34
DA:1773,41
DA:1774,41
DA:1776,75
DA:1777,41
DA:1778,5
DA:1779,5
DA:1781,36
DA:1782,36
DA:1784,41
DA:1785,36
DA:1786,7
DA:1787,7
DA:1789,29
DA:1790,29
DA:1792,36
DA:1793,29
DA:1794,5
DA:1795,5
DA:1797,24
DA:1798,24
DA:1806,80
DA:1809,1
DA:1810,21
DA:1812,21
DA:1813,21
DA:1814,4
DA:1815,4
DA:1817,17
DA:1818,17
DA:1820,21
DA:1821,4
DA:1822,4
DA:1824,21
DA:1825,21
DA:1826,17
DA:1827,17
DA:1828,5
DA:1829,5
DA:1831,12
DA:1832,12
DA:1834,17
DA:1835,5
DA:1836,5
DA:1838,17
DA:1839,17
DA:1840,12
DA:1841,12
DA:1842,1
DA:1843,1
DA:1845,11
DA:1846,11
DA:1848,12
DA:1849,1
DA:1850,1
DA:1852,12
DA:1853,12
DA:1854,11
DA:1855,11
DA:1856,0
DA:1857,0
DA:1859,11
DA:1860,11
DA:1862,11
DA:1863,0
DA:1864,0
DA:1866,11
DA:1867,11
DA:1868,11
DA:1869,11
DA:1870,0
DA:1871,0
DA:1873,11
DA:1874,11
DA:1876,11
DA:1877,0
DA:1878,0
DA:1880,11
DA:1881,11
DA:1882,11
DA:1883,11
DA:1884,0
DA:1885,0
DA:1887,11
DA:1888,11
DA:1890,11
DA:1891,0
DA:1892,0
DA:1894,11
DA:1895,11
DA:1896,11
DA:1897,11
DA:1898,0
DA:1899,0
DA:1901,11
DA:1902,11
DA:1904,11
DA:1905,0
DA:1906,0
DA:1908,11
DA:1916,21
DA:1919,1
DA:1920,43
DA:1922,43
DA:1923,43
DA:1924,2
DA:1925,2
DA:1927,41
DA:1928,41
DA:1930,43
DA:1931,2
DA:1932,2
DA:1934,43
DA:1935,43
DA:1936,41
DA:1937,41
DA:1938,2
DA:1939,2
DA:1941,39
DA:1942,39
DA:1944,41
DA:1945,2
DA:1946,2
DA:1948,41
DA:1949,41
DA:1950,39
DA:1951,39
DA:1952,0
DA:1953,0
DA:1955,39
DA:1956,39
DA:1958,39
DA:1959,0
DA:1960,0
DA:1962,39
DA:1963,39
DA:1964,39
DA:1965,39
DA:1966,0
DA:1967,0
DA:1969,39
DA:1970,39
DA:1972,39
DA:1973,0
DA:1974,0
DA:1976,39
DA:1977,39
DA:1978,39
DA:1979,39
DA:1980,0
DA:1981,0
DA:1983,39
DA:1984,39
DA:1986,39
DA:1987,0
DA:1988,0
DA:1990,39
DA:1991,39
DA:1992,39
DA:1993,39
DA:1994,0
DA:1995,0
DA:1997,39
DA:1998,39
DA:2000,39
DA:2001,0
DA:2002,0
DA:2004,39
DA:2005,39
DA:2006,39
DA:2007,39
DA:2008,0
DA:2009,0
DA:2011,39
DA:2012,39
DA:2014,39
DA:2015,0
DA:2016,0
DA:2018,39
DA:2019,39
DA:2020,39
DA:2021,39
DA:2022,0
DA:2023,0
DA:2025,39
DA:2026,39
DA:2028,39
DA:2029,0
DA:2030,0
DA:2032,39
DA:2033,39
DA:2034,39
DA:2035,39
DA:2036,1
DA:2037,1
DA:2039,38
DA:2040,38
DA:2042,39
DA:2043,1
DA:2044,1
DA:2046,39
DA:2047,39
DA:2048,38
DA:2049,38
DA:2050,0
DA:2051,0
DA:2053,38
DA:2054,38
DA:2056,38
DA:2057,0
DA:2058,0
DA:2060,38
DA:2061,38
DA:2062,38
DA:2063,38
DA:2064,0
DA:2065,0
DA:2067,38
DA:2068,38
DA:2070,38
DA:2071,0
DA:2072,0
DA:2074,38
DA:2075,38
DA:2076,38
DA:2077,38
DA:2078,0
DA:2079,0
DA:2081,38
DA:2082,38
DA:2084,38
DA:2085,0
DA:2086,0
DA:2088,38
DA:2089,38
DA:2090,38
DA:2091,38
DA:2092,0
DA:2093,0
DA:2095,38
DA:2096,38
DA:2098,38
DA:2099,0
DA:2100,0
DA:2102,38
DA:2103,38
DA:2104,38
DA:2105,38
DA:2106,0
DA:2107,0
DA:2109,38
DA:2110,38
DA:2112,38
DA:2113,0
DA:2114,0
DA:2116,38
DA:2117,38
DA:2118,38
DA:2119,38
DA:2120,0
DA:2121,0
DA:2123,38
DA:2124,38
DA:2126,38
DA:2127,0
DA:2128,0
DA:2130,38
DA:2131,38
DA:2132,38
DA:2133,38
DA:2134,0
DA:2135,0
DA:2137,38
DA:2138,38
DA:2140,38
DA:2141,0
DA:2142,0
DA:2144,38
DA:2145,38
DA:2146,38
DA:2147,38
DA:2148,0
DA:2149,0
DA:2151,38
DA:2152,38
DA:2154,38
DA:2155,0
DA:2156,0
DA:2158,38
DA:2159,38
DA:2160,38
DA:2161,38
DA:2162,0
DA:2163,0
DA:2165,38
DA:2166,38
DA:2168,38
DA:2169,0
DA:2170,0
DA:2172,38
DA:2173,38
DA:2174,38
DA:2175,38
DA:2176,0
DA:2177,0
DA:2179,38
DA:2180,38
DA:2182,38
DA:2183,0
DA:2184,0
DA:2186,38
DA:2187,38
DA:2188,38
DA:2189,38
DA:2190,0
DA:2191,0
DA:2193,38
DA:2194,38
DA:2196,38
DA:2197,0
DA:2198,0
DA:2200,38
DA:2201,38
DA:2202,38
DA:2203,38
DA:2204,0
DA:2205,0
DA:2207,38
DA:2208,38
DA:2210,38
DA:2211,0
DA:2212,0
DA:2214,38
DA:2215,38
DA:2216,38
DA:2217,38
DA:2218,0
DA:2219,0
DA:2221,38
DA:2222,38
DA:2224,38
DA:2225,0
DA:2226,0
DA:2228,38
DA:2229,38
DA:2230,38
DA:2231,38
DA:2232,0
DA:2233,0
DA:2235,38
DA:2236,38
DA:2238,38
DA:2239,0
DA:2240,0
DA:2242,38
DA:2243,38
DA:2244,38
DA:2245,38
DA:2246,0
DA:2247,0
DA:2249,38
DA:2250,38
DA:2252,38
DA:2253,0
DA:2254,0
DA:2256,38
DA:2281,43
DA:2284,1
DA:2285,1
DA:2287,1
DA:2288,1
DA:2289,1
DA:2290,1
DA:2292,0
DA:2293,0
DA:2295,1
DA:2296,1
DA:2297,1
DA:2299,1
DA:2300,1
DA:2301,0
DA:2302,0
DA:2303,0
DA:2304,0
DA:2306,0
DA:2307,0
DA:2309,0
DA:2310,0
DA:2311,0
DA:2313,0
DA:2314,0
DA:2315,0
DA:2316,0
DA:2317,0
DA:2318,0
DA:2320,0
DA:2321,0
DA:2323,0
DA:2324,0
DA:2325,0
DA:2327,0
DA:2328,0
DA:2329,0
DA:2330,0
DA:2331,0
DA:2332,0
DA:2334,0
DA:2335,0
DA:2337,0
DA:2338,0
DA:2339,0
DA:2341,0
DA:2342,0
DA:2343,0
DA:2344,0
DA:2345,0
DA:2346,0
DA:2348,0
DA:2349,0
DA:2351,0
DA:2352,0
DA:2353,0
DA:2355,0
DA:2356,0
DA:2357,0
DA:2358,0
DA:2359,0
DA:2360,0
DA:2362,0
DA:2363,0
DA:2365,0
DA:2366,0
DA:2367,0
DA:2369,0
DA:2370,0
DA:2371,0
DA:2372,0
DA:2373,0
DA:2374,0
DA:2376,0
DA:2377,0
DA:2379,0
DA:2380,0
DA:2381,0
DA:2383,0
DA:2384,0
DA:2385,0
DA:2386,0
DA:2387,0
DA:2388,0
DA:2390,0
DA:2391,0
DA:2393,0
DA:2394,0
DA:2395,0
DA:2397,0
DA:2398,0
DA:2399,0
DA:2400,0
DA:2401,0
DA:2402,0
DA:2404,0
DA:2405,0
DA:2407,0
DA:2408,0
DA:2409,0
DA:2411,0
DA:2412,0
DA:2413,0
DA:2414,0
DA:2415,0
DA:2416,0
DA:2418,0
DA:2419,0
DA:2421,0
DA:2422,0
DA:2423,0
DA:2425,0
DA:2426,0
DA:2427,0
DA:2428,0
DA:2429,0
DA:2430,0
DA:2432,0
DA:2433,0
DA:2435,0
DA:2436,0
DA:2437,0
DA:2439,0
DA:2440,0
DA:2441,0
DA:2442,0
DA:2443,0
DA:2444,0
DA:2446,0
DA:2447,0
DA:2449,0
DA:2450,0
DA:2451,0
DA:2453,0
DA:2454,0
DA:2455,0
DA:2456,0
DA:2457,0
DA:2458,0
DA:2460,0
DA:2461,0
DA:2463,0
DA:2464,0
DA:2465,0
DA:2467,0
DA:2468,0
DA:2469,0
DA:2470,0
DA:2471,0
DA:2472,0
DA:2474,0
DA:2475,0
DA:2477,0
DA:2478,0
DA:2479,0
DA:2481,0
DA:2496,1
DA:2499,1
DA:2500,118
DA:2502,118
DA:2503,118
DA:2504,118
DA:2505,118
DA:2506,60
DA:2507,60
DA:2509,58
DA:2510,58
DA:2512,118
DA:2513,60
DA:2514,88
DA:2515,88
DA:2516,28
DA:2517,28
DA:2519,60
DA:2520,60
DA:2524,58
DA:2526,118
DA:2527,60
DA:2528,60
DA:2530,118
DA:2531,118
DA:2532,118
DA:2533,58
DA:2534,58
DA:2537,118
DA:2540,1
DA:2541,425
DA:2543,425
DA:2544,425
DA:2545,425
DA:2546,425
DA:2547,327
DA:2548,327
DA:2550,98
DA:2551,98
DA:2553,425
DA:2554,327
DA:2555,327
DA:2556,0
DA:2557,0
DA:2559,327
DA:2560,327
DA:2563,425
DA:2564,425
DA:2565,425
DA:2567,425
DA:2568,425
DA:2569,425
DA:2570,0
DA:2571,0
DA:2574,425
DA:2578,1
DA:2579,26
DA:2580,26
DA:2581,24
DA:2584,26
DA:2585,7
DA:2588,26
DA:2591,1
DA:2592,32
DA:2593,9
DA:2594,9
DA:2597,23
DA:2598,23
DA:2599,23
DA:2603,30
DA:2605,30
DA:2606,30
DA:2608,0
DA:2609,0
DA:2612,0
DA:2622,1
LF:1615
LH:1104
BRDA:22,1,0,0
BRDA:22,1,1,0
BRDA:40,2,0,0
BRDA:40,2,1,0
BRDA:45,3,0,0
BRDA:45,3,1,0
BRDA:105,4,0,0
BRDA:105,4,1,0
BRDA:107,5,0,0
BRDA:107,5,1,0
BRDA:115,6,0,0
BRDA:115,6,1,0
BRDA:115,6,2,0
BRDA:130,7,0,0
BRDA:130,7,1,0
BRDA:137,8,0,0
BRDA:137,8,1,30
BRDA:147,9,0,26
BRDA:147,9,1,4
BRDA:148,10,0,26
BRDA:148,10,1,0
BRDA:173,11,0,3
BRDA:173,11,1,19
BRDA:184,12,0,2
BRDA:184,12,1,1
BRDA:185,13,0,1
BRDA:185,13,1,1
BRDA:191,14,0,1
BRDA:191,14,1,1
BRDA:197,15,0,0
BRDA:197,15,1,1
BRDA:203,16,0,1
BRDA:203,16,1,0
BRDA:250,17,0,3
BRDA:250,17,1,0
BRDA:270,18,0,3
BRDA:270,18,1,5
BRDA:271,19,0,3
BRDA:271,19,1,0
BRDA:275,20,0,1
BRDA:275,20,1,2
BRDA:309,21,0,31
BRDA:309,21,1,8
BRDA:463,22,0,0
BRDA:463,22,1,30
BRDA:464,23,0,0
BRDA:464,23,1,0
BRDA:480,24,0,0
BRDA:480,24,1,0
BRDA:490,25,0,0
BRDA:490,25,1,0
BRDA:518,26,0,0
BRDA:518,26,1,0
BRDA:533,27,0,0
BRDA:533,27,1,0
BRDA:567,28,0,897
BRDA:567,28,1,1010
BRDA:569,29,0,183
BRDA:569,29,1,827
BRDA:595,30,0,0
BRDA:595,30,1,30
BRDA:598,31,0,30
BRDA:598,31,1,0
BRDA:600,32,0,3
BRDA:600,32,1,27
BRDA:603,33,0,30
BRDA:603,33,1,0
BRDA:606,34,0,30
BRDA:606,34,1,0
BRDA:608,35,0,26
BRDA:608,35,1,4
BRDA:620,36,0,4
BRDA:620,36,1,26
BRDA:623,37,0,30
BRDA:623,37,1,0
BRDA:625,38,0,0
BRDA:625,38,1,30
BRDA:628,39,0,30
BRDA:628,39,1,0
BRDA:656,40,0,22
BRDA:656,40,1,8
BRDA:658,41,0,22
BRDA:658,41,1,0
BRDA:663,42,0,0
BRDA:663,42,1,0
BRDA:665,43,0,22
BRDA:665,43,1,0
BRDA:667,44,0,22
BRDA:667,44,1,0
BRDA:669,45,0,19
BRDA:669,45,1,3
BRDA:694,46,0,30
BRDA:694,46,1,0
BRDA:699,47,0,0
BRDA:699,47,1,0
BRDA:701,48,0,30
BRDA:701,48,1,0
BRDA:703,49,0,30
BRDA:703,49,1,0
BRDA:705,50,0,8
BRDA:705,50,1,22
BRDA:730,51,0,22
BRDA:730,51,1,3
BRDA:732,52,0,22
BRDA:732,52,1,0
BRDA:734,53,0,22
BRDA:734,53,1,0
BRDA:735,54,0,22
BRDA:735,54,1,0
BRDA:740,55,0,0
BRDA:740,55,1,0
BRDA:742,56,0,22
BRDA:742,56,1,0
BRDA:745,57,0,22
BRDA:745,57,1,0
BRDA:746,58,0,3
BRDA:746,58,1,19
BRDA:751,59,0,19
BRDA:751,59,1,0
BRDA:753,60,0,19
BRDA:753,60,1,3
BRDA:754,61,0,0
BRDA:754,61,1,19
BRDA:759,62,0,19
BRDA:759,62,1,0
BRDA:762,63,0,3
BRDA:762,63,1,19
BRDA:764,64,0,3
BRDA:764,64,1,0
BRDA:766,65,0,3
BRDA:766,65,1,0
BRDA:786,66,0,19
BRDA:786,66,1,3
BRDA:789,67,0,22
BRDA:789,67,1,0
BRDA:821,68,0,3
BRDA:821,68,1,0
BRDA:826,69,0,0
BRDA:826,69,1,0
BRDA:828,70,0,3
BRDA:828,70,1,0
BRDA:830,71,0,3
BRDA:830,71,1,0
BRDA:833,72,0,2
BRDA:833,72,1,1
BRDA:835,73,0,2
BRDA:835,73,1,0
BRDA:847,74,0,1
BRDA:847,74,1,2
BRDA:850,75,0,3
BRDA:850,75,1,0
BRDA:852,76,0,1
BRDA:852,76,1,2
BRDA:855,77,0,3
BRDA:855,77,1,0
BRDA:884,78,0,0
BRDA:884,78,1,0
BRDA:889,79,0,0
BRDA:889,79,1,0
BRDA:901,80,0,24
BRDA:901,80,1,6
BRDA:904,81,0,24
BRDA:904,81,1,0
BRDA:906,82,0,5
BRDA:906,82,1,19
BRDA:918,83,0,19
BRDA:918,83,1,5
BRDA:921,84,0,24
BRDA:921,84,1,0
BRDA:933,85,0,6
BRDA:933,85,1,24
BRDA:936,86,0,2
BRDA:936,86,1,4
BRDA:950,87,0,24
BRDA:950,87,1,6
BRDA:955,88,0,6
BRDA:955,88,1,0
BRDA:957,89,0,24
BRDA:957,89,1,6
BRDA:959,90,0,24
BRDA:959,90,1,0
BRDA:961,91,0,24
BRDA:961,91,1,0
BRDA:985,92,0,5
BRDA:985,92,1,19
BRDA:990,93,0,19
BRDA:990,93,1,0
BRDA:992,94,0,5
BRDA:992,94,1,19
BRDA:994,95,0,5
BRDA:994,95,1,0
BRDA:996,96,0,5
BRDA:996,96,1,0
BRDA:1020,97,0,2
BRDA:1020,97,1,4
BRDA:1025,98,0,4
BRDA:1025,98,1,0
BRDA:1027,99,0,2
BRDA:1027,99,1,4
BRDA:1029,100,0,2
BRDA:1029,100,1,0
BRDA:1031,101,0,2
BRDA:1031,101,1,0
BRDA:1055,102,0,32
BRDA:1055,102,1,8
BRDA:1057,103,0,26
BRDA:1057,103,1,6
BRDA:1059,104,0,23
BRDA:1059,104,1,3
BRDA:1064,105,0,3
BRDA:1064,105,1,0
BRDA:1066,106,0,23
BRDA:1066,106,1,3
BRDA:1068,107,0,23
BRDA:1068,107,1,0
BRDA:1070,108,0,21
BRDA:1070,108,1,2
BRDA:1072,109,0,21
BRDA:1072,109,1,0
BRDA:1074,110,0,21
BRDA:1074,110,1,0
BRDA:1077,111,0,21
BRDA:1077,111,1,0
BRDA:1079,112,0,7
BRDA:1079,112,1,14
BRDA:1091,113,0,14
BRDA:1091,113,1,7
BRDA:1094,114,0,21
BRDA:1094,114,1,0
BRDA:1122,115,0,5
BRDA:1122,115,1,21
BRDA:1125,116,0,3
BRDA:1125,116,1,2
BRDA:1127,117,0,3
BRDA:1127,117,1,0
BRDA:1129,118,0,3
BRDA:1129,118,1,0
BRDA:1132,119,0,3
BRDA:1132,119,1,0
BRDA:1134,120,0,0
BRDA:1134,120,1,3
BRDA:1146,121,0,3
BRDA:1146,121,1,0
BRDA:1149,122,0,3
BRDA:1149,122,1,0
BRDA:1169,123,0,2
BRDA:1169,123,1,3
BRDA:1171,124,0,2
BRDA:1171,124,1,0
BRDA:1176,125,0,0
BRDA:1176,125,1,0
BRDA:1178,126,0,2
BRDA:1178,126,1,0
BRDA:1180,127,0,2
BRDA:1180,127,1,0
BRDA:1181,128,0,1
BRDA:1181,128,1,1
BRDA:1186,129,0,1
BRDA:1186,129,1,0
BRDA:1188,130,0,1
BRDA:1188,130,1,1
BRDA:1191,131,0,1
BRDA:1191,131,1,0
BRDA:1193,132,0,1
BRDA:1193,132,1,0
BRDA:1205,133,0,0
BRDA:1205,133,1,1
BRDA:1208,134,0,1
BRDA:1208,134,1,0
BRDA:1228,135,0,1
BRDA:1228,135,1,1
BRDA:1230,136,0,1
BRDA:1230,136,1,0
BRDA:1235,137,0,0
BRDA:1235,137,1,0
BRDA:1237,138,0,1
BRDA:1237,138,1,0
BRDA:1239,139,0,1
BRDA:1239,139,1,0
BRDA:1240,140,0,1
BRDA:1240,140,1,0
BRDA:1245,141,0,0
BRDA:1245,141,1,0
BRDA:1247,142,0,1
BRDA:1247,142,1,0
BRDA:1250,143,0,1
BRDA:1250,143,1,0
BRDA:1252,144,0,1
BRDA:1252,144,1,0
BRDA:1264,145,0,0
BRDA:1264,145,1,1
BRDA:1267,146,0,1
BRDA:1267,146,1,0
BRDA:1303,147,0,24
BRDA:1303,147,1,16
BRDA:1308,148,0,16
BRDA:1308,148,1,0
BRDA:1310,149,0,24
BRDA:1310,149,1,16
BRDA:1312,150,0,24
BRDA:1312,150,1,0
BRDA:1314,151,0,22
BRDA:1314,151,1,2
BRDA:1316,152,0,22
BRDA:1316,152,1,0
BRDA:1317,153,0,1
BRDA:1317,153,1,21
BRDA:1322,154,0,21
BRDA:1322,154,1,0
BRDA:1324,155,0,1
BRDA:1324,155,1,21
BRDA:1326,156,0,1
BRDA:1326,156,1,0
BRDA:1354,157,0,39
BRDA:1354,157,1,1
BRDA:1357,158,0,40
BRDA:1357,158,1,0
BRDA:1360,159,0,3
BRDA:1360,159,1,37
BRDA:1362,160,0,3
BRDA:1362,160,1,0
BRDA:1374,161,0,3
BRDA:1374,161,1,37
BRDA:1385,162,0,3
BRDA:1385,162,1,37
BRDA:1390,163,0,37
BRDA:1390,163,1,3
BRDA:1393,164,0,40
BRDA:1393,164,1,0
BRDA:1395,165,0,34
BRDA:1395,165,1,6
BRDA:1397,166,0,1
BRDA:1397,166,1,33
BRDA:1402,167,0,33
BRDA:1402,167,1,0
BRDA:1404,168,0,33
BRDA:1404,168,1,1
BRDA:1405,169,0,2
BRDA:1405,169,1,31
BRDA:1410,170,0,31
BRDA:1410,170,1,0
BRDA:1412,171,0,31
BRDA:1412,171,1,2
BRDA:1413,172,0,1
BRDA:1413,172,1,30
BRDA:1418,173,0,30
BRDA:1418,173,1,0
BRDA:1422,174,0,4
BRDA:1422,174,1,30
BRDA:1424,175,0,4
BRDA:1424,175,1,0
BRDA:1425,176,0,2
BRDA:1425,176,1,2
BRDA:1430,177,0,2
BRDA:1430,177,1,0
BRDA:1432,178,0,2
BRDA:1432,178,1,2
BRDA:1449,179,0,8
BRDA:1449,179,1,32
BRDA:1469,180,0,0
BRDA:1469,180,1,32
BRDA:1474,181,0,32
BRDA:1474,181,1,0
BRDA:1476,182,0,32
BRDA:1476,182,1,0
BRDA:1477,183,0,1
BRDA:1477,183,1,31
BRDA:1482,184,0,31
BRDA:1482,184,1,0
BRDA:1484,185,0,31
BRDA:1484,185,1,1
BRDA:1485,186,0,1
BRDA:1485,186,1,30
BRDA:1490,187,0,30
BRDA:1490,187,1,0
BRDA:1494,188,0,2
BRDA:1494,188,1,30
BRDA:1496,189,0,2
BRDA:1496,189,1,0
BRDA:1498,190,0,2
BRDA:1498,190,1,0
BRDA:1514,191,0,30
BRDA:1514,191,1,2
BRDA:1516,192,0,1
BRDA:1516,192,1,29
BRDA:1521,193,0,29
BRDA:1521,193,1,0
BRDA:1523,194,0,1
BRDA:1523,194,1,29
BRDA:1528,195,0,29
BRDA:1528,195,1,1
BRDA:1530,196,0,1
BRDA:1530,196,1,28
BRDA:1535,197,0,28
BRDA:1535,197,1,0
BRDA:1537,198,0,1
BRDA:1537,198,1,28
BRDA:1542,199,0,28
BRDA:1542,199,1,1
BRDA:1544,200,0,1
BRDA:1544,200,1,27
BRDA:1549,201,0,27
BRDA:1549,201,1,0
BRDA:1551,202,0,1
BRDA:1551,202,1,27
BRDA:1556,203,0,27
BRDA:1556,203,1,1
BRDA:1558,204,0,1
BRDA:1558,204,1,26
BRDA:1563,205,0,26
BRDA:1563,205,1,0
BRDA:1565,206,0,1
BRDA:1565,206,1,26
BRDA:1582,207,0,9
BRDA:1582,207,1,17
BRDA:1587,208,0,17
BRDA:1587,208,1,0
BRDA:1589,209,0,9
BRDA:1589,209,1,17
BRDA:1591,210,0,9
BRDA:1591,210,1,0
BRDA:1593,211,0,9
BRDA:1593,211,1,0
BRDA:1618,212,0,21
BRDA:1618,212,1,29
BRDA:1621,213,0,39
BRDA:1621,213,1,11
BRDA:1623,214,0,4
BRDA:1623,214,1,35
BRDA:1628,215,0,35
BRDA:1628,215,1,0
BRDA:1630,216,0,35
BRDA:1630,216,1,4
BRDA:1633,217,0,39
BRDA:1633,217,1,0
BRDA:1634,218,0,8
BRDA:1634,218,1,31
BRDA:1639,219,0,31
BRDA:1639,219,1,0
BRDA:1641,220,0,8
BRDA:1641,220,1,31
BRDA:1652,221,0,31
BRDA:1652,221,1,8
BRDA:1655,222,0,39
BRDA:1655,222,1,0
BRDA:1667,223,0,11
BRDA:1667,223,1,39
BRDA:1669,224,0,6
BRDA:1669,224,1,5
BRDA:1674,225,0,5
BRDA:1674,225,1,0
BRDA:1676,226,0,6
BRDA:1676,226,1,5
BRDA:1691,227,0,29
BRDA:1691,227,1,21
BRDA:1693,228,0,29
BRDA:1693,228,1,0
BRDA:1712,229,0,0
BRDA:1712,229,1,29
BRDA:1717,230,0,29
BRDA:1717,230,1,0
BRDA:1719,231,0,29
BRDA:1719,231,1,0
BRDA:1720,232,0,10
BRDA:1720,232,1,19
BRDA:1725,233,0,19
BRDA:1725,233,1,0
BRDA:1727,234,0,19
BRDA:1727,234,1,10
BRDA:1728,235,0,2
BRDA:1728,235,1,17
BRDA:1733,236,0,17
BRDA:1733,236,1,0
BRDA:1735,237,0,17
BRDA:1735,237,1,2
BRDA:1736,238,0,17
BRDA:1736,238,1,0
BRDA:1741,239,0,0
BRDA:1741,239,1,0
BRDA:1753,240,0,2
BRDA:1753,240,1,78
BRDA:1758,241,0,78
BRDA:1758,241,1,0
BRDA:1760,242,0,78
BRDA:1760,242,1,2
BRDA:1761,243,0,3
BRDA:1761,243,1,75
BRDA:1766,244,0,75
BRDA:1766,244,1,0
BRDA:1768,245,0,75
BRDA:1768,245,1,3
BRDA:1769,246,0,34
BRDA:1769,246,1,41
BRDA:1774,247,0,41
BRDA:1774,247,1,0
BRDA:1776,248,0,41
BRDA:1776,248,1,34
BRDA:1777,249,0,5
BRDA:1777,249,1,36
BRDA:1782,250,0,36
BRDA:1782,250,1,0
BRDA:1784,251,0,36
BRDA:1784,251,1,5
BRDA:1785,252,0,7
BRDA:1785,252,1,29
BRDA:1790,253,0,29
BRDA:1790,253,1,0
BRDA:1792,254,0,29
BRDA:1792,254,1,7
BRDA:1793,255,0,5
BRDA:1793,255,1,24
BRDA:1798,256,0,24
BRDA:1798,256,1,0
BRDA:1813,257,0,4
BRDA:1813,257,1,17
BRDA:1818,258,0,17
BRDA:1818,258,1,0
BRDA:1820,259,0,4
BRDA:1820,259,1,17
BRDA:1825,260,0,17
BRDA:1825,260,1,4
BRDA:1827,261,0,5
BRDA:1827,261,1,12
BRDA:1832,262,0,12
BRDA:1832,262,1,0
BRDA:1834,263,0,5
BRDA:1834,263,1,12
BRDA:1839,264,0,12
BRDA:1839,264,1,5
BRDA:1841,265,0,1
BRDA:1841,265,1,11
BRDA:1846,266,0,11
BRDA:1846,266,1,0
BRDA:1848,267,0,1
BRDA:1848,267,1,11
BRDA:1853,268,0,11
BRDA:1853,268,1,1
BRDA:1855,269,0,0
BRDA:1855,269,1,11
BRDA:1860,270,0,11
BRDA:1860,270,1,0
BRDA:1862,271,0,0
BRDA:1862,271,1,11
BRDA:1867,272,0,11
BRDA:1867,272,1,0
BRDA:1869,273,0,0
BRDA:1869,273,1,11
BRDA:1874,274,0,11
BRDA:1874,274,1,0
BRDA:1876,275,0,0
BRDA:1876,275,1,11
BRDA:1881,276,0,11
BRDA:1881,276,1,0
BRDA:1883,277,0,0
BRDA:1883,277,1,11
BRDA:1888,278,0,11
BRDA:1888,278,1,0
BRDA:1890,279,0,0
BRDA:1890,279,1,11
BRDA:1895,280,0,11
BRDA:1895,280,1,0
BRDA:1897,281,0,0
BRDA:1897,281,1,11
BRDA:1902,282,0,11
BRDA:1902,282,1,0
BRDA:1904,283,0,0
BRDA:1904,283,1,11
BRDA:1923,284,0,2
BRDA:1923,284,1,41
BRDA:1928,285,0,41
BRDA:1928,285,1,0
BRDA:1930,286,0,2
BRDA:1930,286,1,41
BRDA:1935,287,0,41
BRDA:1935,287,1,2
BRDA:1937,288,0,2
BRDA:1937,288,1,39
BRDA:1942,289,0,39
BRDA:1942,289,1,0
BRDA:1944,290,0,2
BRDA:1944,290,1,39
BRDA:1949,291,0,39
BRDA:1949,291,1,2
BRDA:1951,292,0,0
BRDA:1951,292,1,39
BRDA:1956,293,0,39
BRDA:1956,293,1,0
BRDA:1958,294,0,0
BRDA:1958,294,1,39
BRDA:1963,295,0,39
BRDA:1963,295,1,0
BRDA:1965,296,0,0
BRDA:1965,296,1,39
BRDA:1970,297,0,39
BRDA:1970,297,1,0
BRDA:1972,298,0,0
BRDA:1972,298,1,39
BRDA:1977,299,0,39
BRDA:1977,299,1,0
BRDA:1979,300,0,0
BRDA:1979,300,1,39
BRDA:1984,301,0,39
BRDA:1984,301,1,0
BRDA:1986,302,0,0
BRDA:1986,302,1,39
BRDA:1991,303,0,39
BRDA:1991,303,1,0
BRDA:1993,304,0,0
BRDA:1993,304,1,39
BRDA:1998,305,0,39
BRDA:1998,305,1,0
BRDA:2000,306,0,0
BRDA:2000,306,1,39
BRDA:2005,307,0,39
BRDA:2005,307,1,0
BRDA:2007,308,0,0
BRDA:2007,308,1,39
BRDA:2012,309,0,39
BRDA:2012,309,1,0
BRDA:2014,310,0,0
BRDA:2014,310,1,39
BRDA:2019,311,0,39
BRDA:2019,311,1,0
BRDA:2021,312,0,0
BRDA:2021,312,1,39
BRDA:2026,313,0,39
BRDA:2026,313,1,0
BRDA:2028,314,0,0
BRDA:2028,314,1,39
BRDA:2033,315,0,39
BRDA:2033,315,1,0
BRDA:2035,316,0,1
BRDA:2035,316,1,38
BRDA:2040,317,0,38
BRDA:2040,317,1,0
BRDA:2042,318,0,1
BRDA:2042,318,1,38
BRDA:2047,319,0,38
BRDA:2047,319,1,1
BRDA:2049,320,0,0
BRDA:2049,320,1,38
BRDA:2054,321,0,38
BRDA:2054,321,1,0
BRDA:2056,322,0,0
BRDA:2056,322,1,38
BRDA:2061,323,0,38
BRDA:2061,323,1,0
BRDA:2063,324,0,0
BRDA:2063,324,1,38
BRDA:2068,325,0,38
BRDA:2068,325,1,0
BRDA:2070,326,0,0
BRDA:2070,326,1,38
BRDA:2075,327,0,38
BRDA:2075,327,1,0
BRDA:2077,328,0,0
BRDA:2077,328,1,38
BRDA:2082,329,0,38
BRDA:2082,329,1,0
BRDA:2084,330,0,0
BRDA:2084,330,1,38
BRDA:2089,331,0,38
BRDA:2089,331,1,0
BRDA:2091,332,0,0
BRDA:2091,332,1,38
BRDA:2096,333,0,38
BRDA:2096,333,1,0
BRDA:2098,334,0,0
BRDA:2098,334,1,38
BRDA:2103,335,0,38
BRDA:2103,335,1,0
BRDA:2105,336,0,0
BRDA:2105,336,1,38
BRDA:2110,337,0,38
BRDA:2110,337,1,0
BRDA:2112,338,0,0
BRDA:2112,338,1,38
BRDA:2117,339,0,38
BRDA:2117,339,1,0
BRDA:2119,340,0,0
BRDA:2119,340,1,38
BRDA:2124,341,0,38
BRDA:2124,341,1,0
BRDA:2126,342,0,0
BRDA:2126,342,1,38
BRDA:2131,343,0,38
BRDA:2131,343,1,0
BRDA:2133,344,0,0
BRDA:2133,344,1,38
BRDA:2138,345,0,38
BRDA:2138,345,1,0
BRDA:2140,346,0,0
BRDA:2140,346,1,38
BRDA:2145,347,0,38
BRDA:2145,347,1,0
BRDA:2147,348,0,0
BRDA:2147,348,1,38
BRDA:2152,349,0,38
BRDA:2152,349,1,0
BRDA:2154,350,0,0
BRDA:2154,350,1,38
BRDA:2159,351,0,38
BRDA:2159,351,1,0
BRDA:2161,352,0,0
BRDA:2161,352,1,38
BRDA:2166,353,0,38
BRDA:2166,353,1,0
BRDA:2168,354,0,0
BRDA:2168,354,1,38
BRDA:2173,355,0,38
BRDA:2173,355,1,0
BRDA:2175,356,0,0
BRDA:2175,356,1,38
BRDA:2180,357,0,38
BRDA:2180,357,1,0
BRDA:2182,358,0,0
BRDA:2182,358,1,38
BRDA:2187,359,0,38
BRDA:2187,359,1,0
BRDA:2189,360,0,0
BRDA:2189,360,1,38
BRDA:2194,361,0,38
BRDA:2194,361,1,0
BRDA:2196,362,0,0
BRDA:2196,362,1,38
BRDA:2201,363,0,38
BRDA:2201,363,1,0
BRDA:2203,364,0,0
BRDA:2203,364,1,38
BRDA:2208,365,0,38
BRDA:2208,365,1,0
BRDA:2210,366,0,0
BRDA:2210,366,1,38
BRDA:2215,367,0,38
BRDA:2215,367,1,0
BRDA:2217,368,0,0
BRDA:2217,368,1,38
BRDA:2222,369,0,38
BRDA:2222,369,1,0
BRDA:2224,370,0,0
BRDA:2224,370,1,38
BRDA:2229,371,0,38
BRDA:2229,371,1,0
BRDA:2231,372,0,0
BRDA:2231,372,1,38
BRDA:2236,373,0,38
BRDA:2236,373,1,0
BRDA:2238,374,0,0
BRDA:2238,374,1,38
BRDA:2243,375,0,38
BRDA:2243,375,1,0
BRDA:2245,376,0,0
BRDA:2245,376,1,38
BRDA:2250,377,0,38
BRDA:2250,377,1,0
BRDA:2252,378,0,0
BRDA:2252,378,1,38
BRDA:2288,379,0,1
BRDA:2288,379,1,0
BRDA:2293,380,0,0
BRDA:2293,380,1,0
BRDA:2295,381,0,1
BRDA:2295,381,1,0
BRDA:2300,382,0,0
BRDA:2300,382,1,1
BRDA:2302,383,0,0
BRDA:2302,383,1,0
BRDA:2307,384,0,0
BRDA:2307,384,1,0
BRDA:2309,385,0,0
BRDA:2309,385,1,0
BRDA:2314,386,0,0
BRDA:2314,386,1,0
BRDA:2316,387,0,0
BRDA:2316,387,1,0
BRDA:2321,388,0,0
BRDA:2321,388,1,0
BRDA:2323,389,0,0
BRDA:2323,389,1,0
BRDA:2328,390,0,0
BRDA:2328,390,1,0
BRDA:2330,391,0,0
BRDA:2330,391,1,0
BRDA:2335,392,0,0
BRDA:2335,392,1,0
BRDA:2337,393,0,0
BRDA:2337,393,1,0
BRDA:2342,394,0,0
BRDA:2342,394,1,0
BRDA:2344,395,0,0
BRDA:2344,395,1,0
BRDA:2349,396,0,0
BRDA:2349,396,1,0
BRDA:2351,397,0,0
BRDA:2351,397,1,0
BRDA:2356,398,0,0
BRDA:2356,398,1,0
BRDA:2358,399,0,0
BRDA:2358,399,1,0
BRDA:2363,400,0,0
BRDA:2363,400,1,0
BRDA:2365,401,0,0
BRDA:2365,401,1,0
BRDA:2370,402,0,0
BRDA:2370,402,1,0
BRDA:2372,403,0,0
BRDA:2372,403,1,0
BRDA:2377,404,0,0
BRDA:2377,404,1,0
BRDA:2379,405,0,0
BRDA:2379,405,1,0
BRDA:2384,406,0,0
BRDA:2384,406,1,0
BRDA:2386,407,0,0
BRDA:2386,407,1,0
BRDA:2391,408,0,0
BRDA:2391,408,1,0
BRDA:2393,409,0,0
BRDA:2393,409,1,0
BRDA:2398,410,0,0
BRDA:2398,410,1,0
BRDA:2400,411,0,0
BRDA:2400,411,1,0
BRDA:2405,412,0,0
BRDA:2405,412,1,0
BRDA:2407,413,0,0
BRDA:2407,413,1,0
BRDA:2412,414,0,0
BRDA:2412,414,1,0
BRDA:2414,415,0,0
BRDA:2414,415,1,0
BRDA:2419,416,0,0
BRDA:2419,416,1,0
BRDA:2421,417,0,0
BRDA:2421,417,1,0
BRDA:2426,418,0,0
BRDA:2426,418,1,0
BRDA:2428,419,0,0
BRDA:2428,419,1,0
BRDA:2433,420,0,0
BRDA:2433,420,1,0
BRDA:2435,421,0,0
BRDA:2435,421,1,0
BRDA:2440,422,0,0
BRDA:2440,422,1,0
BRDA:2442,423,0,0
BRDA:2442,423,1,0
BRDA:2447,424,0,0
BRDA:2447,424,1,0
BRDA:2449,425,0,0
BRDA:2449,425,1,0
BRDA:2454,426,0,0
BRDA:2454,426,1,0
BRDA:2456,427,0,0
BRDA:2456,427,1,0
BRDA:2461,428,0,0
BRDA:2461,428,1,0
BRDA:2463,429,0,0
BRDA:2463,429,1,0
BRDA:2468,430,0,0
BRDA:2468,430,1,0
BRDA:2470,431,0,0
BRDA:2470,431,1,0
BRDA:2475,432,0,0
BRDA:2475,432,1,0
BRDA:2477,433,0,0
BRDA:2477,433,1,0
BRDA:2505,434,0,60
BRDA:2505,434,1,58
BRDA:2510,435,0,0
BRDA:2510,435,1,58
BRDA:2512,436,0,60
BRDA:2512,436,1,58
BRDA:2515,437,0,28
BRDA:2515,437,1,60
BRDA:2520,438,0,0
BRDA:2520,438,1,60
BRDA:2526,439,0,60
BRDA:2526,439,1,58
BRDA:2532,440,0,58
BRDA:2532,440,1,60
BRDA:2534,441,0,58
BRDA:2534,441,1,0
BRDA:2546,442,0,327
BRDA:2546,442,1,98
BRDA:2551,443,0,0
BRDA:2551,443,1,98
BRDA:2555,444,0,0
BRDA:2555,444,1,327
BRDA:2560,445,0,0
BRDA:2560,445,1,327
BRDA:2563,446,0,425
BRDA:2563,446,1,0
BRDA:2569,447,0,0
BRDA:2569,447,1,425
BRDA:2571,448,0,0
BRDA:2571,448,1,0
BRDA:2580,449,0,24
BRDA:2580,449,1,2
BRDA:2584,450,0,7
BRDA:2584,450,1,19
BRDA:2592,451,0,9
BRDA:2592,451,1,23
BRDA:2605,452,0,30
BRDA:2605,452,1,0
BRDA:2605,453,0,30
BRDA:2605,453,1,30
BRDA:2608,454,0,0
BRDA:2608,454,1,0
BRDA:2608,455,0,0
BRDA:2608,455,1,0
BRDA:2614,456,0,0
BRDA:2614,456,1,0
BRDA:2615,457,0,0
BRDA:2615,457,1,0
BRF:915
BRH:518
end_of_record
